2025-10-20 23:14:11,198 UTC INFO     src.pages.selenium.login_page  Navigating to the login page: https://www.saucedemo.com/
2025-10-20 23:14:11,201 UTC INFO     test_inventory_page  Enter the credentials and then click on login button
2025-10-20 23:14:11,201 UTC INFO     src.pages.selenium.login_page  Enter username
2025-10-20 23:14:11,204 UTC INFO     src.pages.selenium.base_page  Finding element:  ('id', 'user-name')
2025-10-20 23:14:11,444 UTC INFO     src.pages.selenium.base_page  Entering text:  standard_user on ('id', 'user-name')
2025-10-20 23:14:11,445 UTC INFO     src.pages.selenium.login_page  Enter password
2025-10-20 23:14:11,448 UTC INFO     src.pages.selenium.base_page  Finding element:  ('id', 'password')
2025-10-20 23:14:11,558 UTC INFO     src.pages.selenium.base_page  Entering text:  secret_sauce on ('id', 'password')
2025-10-20 23:14:11,560 UTC INFO     src.pages.selenium.login_page  Click login button
2025-10-20 23:14:11,560 UTC INFO     src.pages.selenium.base_page  Finding element:  ('id', 'login-button')
2025-10-20 23:14:13,616 UTC INFO     src.pages.selenium.base_page  Finding element:  ('id', 'login-button')
2025-10-20 23:14:13,773 UTC INFO     src.pages.selenium.base_page  Clicking element:  ('id', 'login-button')
2025-10-20 23:14:13,775 UTC INFO     src.pages.selenium.base_page  Finding element:  ('class name', 'title')
2025-10-20 23:14:13,831 UTC INFO     test_inventory_page  Page title: Products
2025-10-20 23:14:13,833 UTC INFO     src.pages.selenium.base_page  Finding element:  ('class name', 'title')
2025-10-20 23:14:13,959 UTC INFO     src.pages.selenium.login_page  Navigating to the login page: https://www.saucedemo.com/
2025-10-20 23:14:13,962 UTC INFO     test_inventory_page  Enter the credentials and then click on login button
2025-10-20 23:14:13,966 UTC INFO     src.pages.selenium.login_page  Enter username
2025-10-20 23:14:13,966 UTC INFO     src.pages.selenium.base_page  Finding element:  ('id', 'user-name')
2025-10-20 23:14:14,054 UTC INFO     src.pages.selenium.base_page  Entering text:  standard_user on ('id', 'user-name')
2025-10-20 23:14:14,055 UTC INFO     src.pages.selenium.login_page  Enter password
2025-10-20 23:14:14,055 UTC INFO     src.pages.selenium.base_page  Finding element:  ('id', 'password')
2025-10-20 23:14:14,147 UTC INFO     src.pages.selenium.base_page  Entering text:  secret_sauce on ('id', 'password')
2025-10-20 23:14:14,147 UTC INFO     src.pages.selenium.login_page  Click login button
2025-10-20 23:14:14,150 UTC INFO     src.pages.selenium.base_page  Finding element:  ('id', 'login-button')
2025-10-20 23:14:16,197 UTC INFO     src.pages.selenium.base_page  Finding element:  ('id', 'login-button')
2025-10-20 23:14:16,292 UTC INFO     src.pages.selenium.base_page  Clicking element:  ('id', 'login-button')
