2025-10-24 01:11:19,868 UTC INFO     src.pages.selenium.login_page  Navigating to the login page: https://www.saucedemo.com/
2025-10-24 01:11:19,868 UTC INFO     test_checkout_page  Enter the credentials and then click on login button
2025-10-24 01:11:19,869 UTC INFO     src.pages.selenium.login_page  Enter username
2025-10-24 01:11:19,871 UTC INFO     src.pages.selenium.base_page  Finding element:  ('id', 'user-name')
2025-10-24 01:11:20,026 UTC INFO     src.pages.selenium.base_page  Entering text:  standard_user on ('id', 'user-name')
2025-10-24 01:11:20,028 UTC INFO     src.pages.selenium.login_page  Enter password
2025-10-24 01:11:20,029 UTC INFO     src.pages.selenium.base_page  Finding element:  ('id', 'password')
2025-10-24 01:11:20,131 UTC INFO     src.pages.selenium.base_page  Entering text:  secret_sauce on ('id', 'password')
2025-10-24 01:11:20,132 UTC INFO     src.pages.selenium.login_page  Click login button
2025-10-24 01:11:20,133 UTC INFO     src.pages.selenium.base_page  Finding element:  ('id', 'login-button')
2025-10-24 01:11:22,200 UTC INFO     src.pages.selenium.base_page  Finding element:  ('id', 'login-button')
2025-10-24 01:11:22,456 UTC INFO     src.pages.selenium.base_page  Clicking element:  ('id', 'login-button')
2025-10-24 01:11:35,121 UTC INFO     src.pages.selenium.base_page  Finding element:  ('class name', 'shopping_cart_badge')
2025-10-24 01:11:37,182 UTC INFO     src.pages.selenium.base_page  Finding element:  ('class name', 'shopping_cart_badge')
2025-10-24 01:11:37,315 UTC INFO     src.pages.selenium.base_page  Clicking element:  ('class name', 'shopping_cart_badge')
2025-10-24 01:11:37,317 UTC INFO     src.pages.selenium.base_page  Finding element:  ('id', 'checkout')
2025-10-24 01:11:37,424 UTC INFO     src.pages.selenium.base_page  Finding element:  ('id', 'first-name')
2025-10-24 01:11:37,530 UTC INFO     src.pages.selenium.base_page  Entering text:  John on ('id', 'first-name')
2025-10-24 01:11:37,533 UTC INFO     src.pages.selenium.base_page  Finding element:  ('id', 'last-name')
2025-10-24 01:11:37,637 UTC INFO     src.pages.selenium.base_page  Entering text:  Doe on ('id', 'last-name')
2025-10-24 01:11:37,637 UTC INFO     src.pages.selenium.base_page  Finding element:  ('id', 'postal-code')
2025-10-24 01:11:37,747 UTC INFO     src.pages.selenium.base_page  Entering text:  12345 on ('id', 'postal-code')
2025-10-24 01:11:37,750 UTC INFO     src.pages.selenium.base_page  Finding element:  ('id', 'continue')
2025-10-24 01:11:39,814 UTC INFO     src.pages.selenium.base_page  Finding element:  ('id', 'continue')
2025-10-24 01:11:39,936 UTC INFO     src.pages.selenium.base_page  Clicking element:  ('id', 'continue')
2025-10-24 01:11:39,938 UTC INFO     src.pages.selenium.base_page  Finding element:  ('class name', 'title')
