2025-10-20 23:37:12,714 UTC INFO     src.pages.selenium.login_page  Navigating to the login page: https://www.saucedemo.com/
2025-10-20 23:37:12,715 UTC INFO     test_inventory_page  Enter the credentials and then click on login button
2025-10-20 23:37:12,715 UTC INFO     src.pages.selenium.login_page  Enter username
2025-10-20 23:37:12,719 UTC INFO     src.pages.selenium.base_page  Finding element:  ('id', 'user-name')
2025-10-20 23:37:12,870 UTC INFO     src.pages.selenium.base_page  Entering text:  standard_user on ('id', 'user-name')
2025-10-20 23:37:12,871 UTC INFO     src.pages.selenium.login_page  Enter password
2025-10-20 23:37:12,872 UTC INFO     src.pages.selenium.base_page  Finding element:  ('id', 'password')
2025-10-20 23:37:12,973 UTC INFO     src.pages.selenium.base_page  Entering text:  secret_sauce on ('id', 'password')
2025-10-20 23:37:12,977 UTC INFO     src.pages.selenium.login_page  Click login button
2025-10-20 23:37:12,977 UTC INFO     src.pages.selenium.base_page  Finding element:  ('id', 'login-button')
2025-10-20 23:37:15,043 UTC INFO     src.pages.selenium.base_page  Finding element:  ('id', 'login-button')
2025-10-20 23:37:15,275 UTC INFO     src.pages.selenium.base_page  Clicking element:  ('id', 'login-button')
2025-10-20 23:37:15,278 UTC INFO     src.pages.selenium.base_page  Finding element:  ('class name', 'title')
2025-10-20 23:37:15,365 UTC INFO     test_inventory_page  Page title: Products
2025-10-20 23:37:15,366 UTC INFO     src.pages.selenium.base_page  Finding element:  ('class name', 'title')
2025-10-20 23:37:15,514 UTC INFO     src.pages.selenium.login_page  Navigating to the login page: https://www.saucedemo.com/
2025-10-20 23:37:15,516 UTC INFO     test_inventory_page  Enter the credentials and then click on login button
2025-10-20 23:37:15,517 UTC INFO     src.pages.selenium.login_page  Enter username
2025-10-20 23:37:15,517 UTC INFO     src.pages.selenium.base_page  Finding element:  ('id', 'user-name')
2025-10-20 23:37:15,617 UTC INFO     src.pages.selenium.base_page  Entering text:  standard_user on ('id', 'user-name')
2025-10-20 23:37:15,618 UTC INFO     src.pages.selenium.login_page  Enter password
2025-10-20 23:37:15,619 UTC INFO     src.pages.selenium.base_page  Finding element:  ('id', 'password')
2025-10-20 23:37:15,700 UTC INFO     src.pages.selenium.base_page  Entering text:  secret_sauce on ('id', 'password')
2025-10-20 23:37:15,701 UTC INFO     src.pages.selenium.login_page  Click login button
2025-10-20 23:37:15,702 UTC INFO     src.pages.selenium.base_page  Finding element:  ('id', 'login-button')
2025-10-20 23:37:17,744 UTC INFO     src.pages.selenium.base_page  Finding element:  ('id', 'login-button')
2025-10-20 23:37:17,873 UTC INFO     src.pages.selenium.base_page  Clicking element:  ('id', 'login-button')
