2025-10-20 23:00:23,706 UTC INFO     src.pages.selenium.login_page  Navigating to the login page: https://www.saucedemo.com/
2025-10-20 23:00:23,709 UTC INFO     test_inventory_page  Enter the credentials and then click on login button
2025-10-20 23:00:23,709 UTC INFO     src.pages.selenium.login_page  Enter username
2025-10-20 23:00:23,712 UTC INFO     src.pages.selenium.base_page  Finding element:  ('id', 'user-name')
2025-10-20 23:00:23,852 UTC INFO     src.pages.selenium.base_page  Entering text:  standard_user on ('id', 'user-name')
2025-10-20 23:00:23,853 UTC INFO     src.pages.selenium.login_page  Enter password
2025-10-20 23:00:23,855 UTC INFO     src.pages.selenium.base_page  Finding element:  ('id', 'password')
2025-10-20 23:00:23,954 UTC INFO     src.pages.selenium.base_page  Entering text:  secret_sauce on ('id', 'password')
2025-10-20 23:00:23,955 UTC INFO     src.pages.selenium.login_page  Click login button
2025-10-20 23:00:23,955 UTC INFO     src.pages.selenium.base_page  Finding element:  ('id', 'login-button')
2025-10-20 23:00:26,026 UTC INFO     src.pages.selenium.base_page  Finding element:  ('id', 'login-button')
2025-10-20 23:00:26,225 UTC INFO     src.pages.selenium.base_page  Clicking element:  ('id', 'login-button')
2025-10-20 23:00:26,226 UTC INFO     src.pages.selenium.base_page  Finding element:  ('class name', 'title')
2025-10-20 23:00:26,283 UTC INFO     test_inventory_page  Page title: Products
2025-10-20 23:00:26,284 UTC INFO     src.pages.selenium.base_page  Finding element:  ('class name', 'title')
2025-10-20 23:00:26,410 UTC INFO     src.pages.selenium.login_page  Navigating to the login page: https://www.saucedemo.com/
2025-10-20 23:00:26,412 UTC INFO     test_inventory_page  Enter the credentials and then click on login button
2025-10-20 23:00:26,415 UTC INFO     src.pages.selenium.login_page  Enter username
2025-10-20 23:00:26,417 UTC INFO     src.pages.selenium.base_page  Finding element:  ('id', 'user-name')
2025-10-20 23:00:26,513 UTC INFO     src.pages.selenium.base_page  Entering text:  standard_user on ('id', 'user-name')
2025-10-20 23:00:26,515 UTC INFO     src.pages.selenium.login_page  Enter password
2025-10-20 23:00:26,517 UTC INFO     src.pages.selenium.base_page  Finding element:  ('id', 'password')
2025-10-20 23:00:26,596 UTC INFO     src.pages.selenium.base_page  Entering text:  secret_sauce on ('id', 'password')
2025-10-20 23:00:26,596 UTC INFO     src.pages.selenium.login_page  Click login button
2025-10-20 23:00:26,596 UTC INFO     src.pages.selenium.base_page  Finding element:  ('id', 'login-button')
2025-10-20 23:00:28,633 UTC INFO     src.pages.selenium.base_page  Finding element:  ('id', 'login-button')
2025-10-20 23:00:28,753 UTC INFO     src.pages.selenium.base_page  Clicking element:  ('id', 'login-button')
2025-10-20 23:00:28,754 UTC INFO     src.pages.selenium.base_page  Finding element:  ('xpath', "//*[@id='inventory_container']/div/div[@class='inventory_item']/div[@class='inventory_item_description']/div[@class='pricebar']/button[text()='Add to cart']")
