2025-10-24 01:22:05,936 UTC INFO     src.pages.selenium.login_page  Navigating to the login page: https://www.saucedemo.com/
2025-10-24 01:22:05,938 UTC INFO     test_checkout_page  Enter the credentials and then click on login button
2025-10-24 01:22:05,940 UTC INFO     src.pages.selenium.login_page  Enter username
2025-10-24 01:22:05,942 UTC INFO     src.pages.selenium.base_page  Finding element:  ('id', 'user-name')
2025-10-24 01:22:06,077 UTC INFO     src.pages.selenium.base_page  Entering text:  standard_user on ('id', 'user-name')
2025-10-24 01:22:06,078 UTC INFO     src.pages.selenium.login_page  Enter password
2025-10-24 01:22:06,080 UTC INFO     src.pages.selenium.base_page  Finding element:  ('id', 'password')
2025-10-24 01:22:06,165 UTC INFO     src.pages.selenium.base_page  Entering text:  secret_sauce on ('id', 'password')
2025-10-24 01:22:06,165 UTC INFO     src.pages.selenium.login_page  Click login button
2025-10-24 01:22:06,166 UTC INFO     src.pages.selenium.base_page  Finding element:  ('id', 'login-button')
2025-10-24 01:22:08,210 UTC INFO     src.pages.selenium.base_page  Finding element:  ('id', 'login-button')
2025-10-24 01:22:08,426 UTC INFO     src.pages.selenium.base_page  Clicking element:  ('id', 'login-button')
2025-10-24 01:22:21,115 UTC INFO     src.pages.selenium.base_page  Finding element:  ('class name', 'shopping_cart_badge')
2025-10-24 01:22:23,209 UTC INFO     src.pages.selenium.base_page  Finding element:  ('class name', 'shopping_cart_badge')
2025-10-24 01:22:23,357 UTC INFO     src.pages.selenium.base_page  Clicking element:  ('class name', 'shopping_cart_badge')
2025-10-24 01:22:23,358 UTC INFO     src.pages.selenium.base_page  Finding element:  ('id', 'checkout')
2025-10-24 01:22:23,462 UTC INFO     src.pages.selenium.base_page  Finding element:  ('id', 'first-name')
2025-10-24 01:22:23,562 UTC INFO     src.pages.selenium.base_page  Entering text:  John on ('id', 'first-name')
2025-10-24 01:22:23,563 UTC INFO     src.pages.selenium.base_page  Finding element:  ('id', 'last-name')
2025-10-24 01:22:23,678 UTC INFO     src.pages.selenium.base_page  Entering text:  Doe on ('id', 'last-name')
2025-10-24 01:22:23,678 UTC INFO     src.pages.selenium.base_page  Finding element:  ('id', 'postal-code')
2025-10-24 01:22:23,780 UTC INFO     src.pages.selenium.base_page  Entering text:  12345 on ('id', 'postal-code')
2025-10-24 01:22:23,780 UTC INFO     src.pages.selenium.base_page  Finding element:  ('id', 'continue')
2025-10-24 01:22:25,843 UTC INFO     src.pages.selenium.base_page  Finding element:  ('id', 'continue')
2025-10-24 01:22:25,978 UTC INFO     src.pages.selenium.base_page  Clicking element:  ('id', 'continue')
2025-10-24 01:22:25,981 UTC INFO     src.pages.selenium.base_page  Finding element:  ('class name', 'title')
