2025-10-20 23:45:14,286 UTC INFO     src.pages.selenium.login_page  Navigating to the login page: https://www.saucedemo.com/
2025-10-20 23:45:14,289 UTC INFO     test_inventory_page  Enter the credentials and then click on login button
2025-10-20 23:45:14,289 UTC INFO     src.pages.selenium.login_page  Enter username
2025-10-20 23:45:14,292 UTC INFO     src.pages.selenium.base_page  Finding element:  ('id', 'user-name')
2025-10-20 23:45:14,429 UTC INFO     src.pages.selenium.base_page  Entering text:  standard_user on ('id', 'user-name')
2025-10-20 23:45:14,431 UTC INFO     src.pages.selenium.login_page  Enter password
2025-10-20 23:45:14,433 UTC INFO     src.pages.selenium.base_page  Finding element:  ('id', 'password')
2025-10-20 23:45:14,531 UTC INFO     src.pages.selenium.base_page  Entering text:  secret_sauce on ('id', 'password')
2025-10-20 23:45:14,532 UTC INFO     src.pages.selenium.login_page  Click login button
2025-10-20 23:45:14,533 UTC INFO     src.pages.selenium.base_page  Finding element:  ('id', 'login-button')
2025-10-20 23:45:16,604 UTC INFO     src.pages.selenium.base_page  Finding element:  ('id', 'login-button')
2025-10-20 23:45:16,829 UTC INFO     src.pages.selenium.base_page  Clicking element:  ('id', 'login-button')
2025-10-20 23:45:16,832 UTC INFO     src.pages.selenium.base_page  Finding element:  ('class name', 'title')
2025-10-20 23:45:16,887 UTC INFO     test_inventory_page  Page title: Products
2025-10-20 23:45:16,889 UTC INFO     src.pages.selenium.base_page  Finding element:  ('class name', 'title')
2025-10-20 23:45:17,015 UTC INFO     src.pages.selenium.login_page  Navigating to the login page: https://www.saucedemo.com/
2025-10-20 23:45:17,016 UTC INFO     test_inventory_page  Enter the credentials and then click on login button
2025-10-20 23:45:17,019 UTC INFO     src.pages.selenium.login_page  Enter username
2025-10-20 23:45:17,021 UTC INFO     src.pages.selenium.base_page  Finding element:  ('id', 'user-name')
2025-10-20 23:45:17,117 UTC INFO     src.pages.selenium.base_page  Entering text:  standard_user on ('id', 'user-name')
2025-10-20 23:45:17,119 UTC INFO     src.pages.selenium.login_page  Enter password
2025-10-20 23:45:17,120 UTC INFO     src.pages.selenium.base_page  Finding element:  ('id', 'password')
2025-10-20 23:45:17,201 UTC INFO     src.pages.selenium.base_page  Entering text:  secret_sauce on ('id', 'password')
2025-10-20 23:45:17,203 UTC INFO     src.pages.selenium.login_page  Click login button
2025-10-20 23:45:17,204 UTC INFO     src.pages.selenium.base_page  Finding element:  ('id', 'login-button')
2025-10-20 23:45:19,247 UTC INFO     src.pages.selenium.base_page  Finding element:  ('id', 'login-button')
2025-10-20 23:45:19,357 UTC INFO     src.pages.selenium.base_page  Clicking element:  ('id', 'login-button')
