2025-10-24 01:23:29,357 UTC INFO     src.pages.selenium.login_page  Navigating to the login page: https://www.saucedemo.com/
2025-10-24 01:23:29,358 UTC INFO     test_checkout_page  Enter the credentials and then click on login button
2025-10-24 01:23:29,359 UTC INFO     src.pages.selenium.login_page  Enter username
2025-10-24 01:23:29,361 UTC INFO     src.pages.selenium.base_page  Finding element:  ('id', 'user-name')
2025-10-24 01:23:29,505 UTC INFO     src.pages.selenium.base_page  Entering text:  standard_user on ('id', 'user-name')
2025-10-24 01:23:29,506 UTC INFO     src.pages.selenium.login_page  Enter password
2025-10-24 01:23:29,507 UTC INFO     src.pages.selenium.base_page  Finding element:  ('id', 'password')
2025-10-24 01:23:29,615 UTC INFO     src.pages.selenium.base_page  Entering text:  secret_sauce on ('id', 'password')
2025-10-24 01:23:29,615 UTC INFO     src.pages.selenium.login_page  Click login button
2025-10-24 01:23:29,615 UTC INFO     src.pages.selenium.base_page  Finding element:  ('id', 'login-button')
2025-10-24 01:23:31,695 UTC INFO     src.pages.selenium.base_page  Finding element:  ('id', 'login-button')
2025-10-24 01:23:31,919 UTC INFO     src.pages.selenium.base_page  Clicking element:  ('id', 'login-button')
2025-10-24 01:23:44,609 UTC INFO     src.pages.selenium.base_page  Finding element:  ('class name', 'shopping_cart_badge')
2025-10-24 01:23:46,675 UTC INFO     src.pages.selenium.base_page  Finding element:  ('class name', 'shopping_cart_badge')
2025-10-24 01:23:46,827 UTC INFO     src.pages.selenium.base_page  Clicking element:  ('class name', 'shopping_cart_badge')
2025-10-24 01:23:46,828 UTC INFO     src.pages.selenium.base_page  Finding element:  ('id', 'checkout')
2025-10-24 01:23:46,931 UTC INFO     src.pages.selenium.base_page  Finding element:  ('id', 'first-name')
2025-10-24 01:23:47,032 UTC INFO     src.pages.selenium.base_page  Entering text:  John on ('id', 'first-name')
2025-10-24 01:23:47,034 UTC INFO     src.pages.selenium.base_page  Finding element:  ('id', 'last-name')
2025-10-24 01:23:47,128 UTC INFO     src.pages.selenium.base_page  Entering text:  Doe on ('id', 'last-name')
2025-10-24 01:23:47,130 UTC INFO     src.pages.selenium.base_page  Finding element:  ('id', 'postal-code')
2025-10-24 01:23:47,224 UTC INFO     src.pages.selenium.base_page  Entering text:  12345 on ('id', 'postal-code')
2025-10-24 01:23:47,226 UTC INFO     src.pages.selenium.base_page  Finding element:  ('id', 'continue')
2025-10-24 01:23:49,286 UTC INFO     src.pages.selenium.base_page  Finding element:  ('id', 'continue')
2025-10-24 01:23:49,430 UTC INFO     src.pages.selenium.base_page  Clicking element:  ('id', 'continue')
2025-10-24 01:23:49,432 UTC INFO     src.pages.selenium.base_page  Finding element:  ('class name', 'title')
2025-10-24 01:23:49,478 UTC INFO     src.pages.selenium.base_page  Finding element:  ('id', 'finish')
2025-10-24 01:23:51,539 UTC INFO     src.pages.selenium.base_page  Finding element:  ('id', 'finish')
2025-10-24 01:23:51,643 UTC INFO     src.pages.selenium.base_page  Clicking element:  ('id', 'finish')
2025-10-24 01:23:51,645 UTC INFO     src.pages.selenium.base_page  Finding element:  ('class name', 'title')
