2025-10-20 23:46:30,302 UTC INFO     src.pages.selenium.login_page  Navigating to the login page: https://www.saucedemo.com/
2025-10-20 23:46:30,305 UTC INFO     test_inventory_page  Enter the credentials and then click on login button
2025-10-20 23:46:30,307 UTC INFO     src.pages.selenium.login_page  Enter username
2025-10-20 23:46:30,309 UTC INFO     src.pages.selenium.base_page  Finding element:  ('id', 'user-name')
2025-10-20 23:46:30,454 UTC INFO     src.pages.selenium.base_page  Entering text:  standard_user on ('id', 'user-name')
2025-10-20 23:46:30,457 UTC INFO     src.pages.selenium.login_page  Enter password
2025-10-20 23:46:30,459 UTC INFO     src.pages.selenium.base_page  Finding element:  ('id', 'password')
2025-10-20 23:46:30,570 UTC INFO     src.pages.selenium.base_page  Entering text:  secret_sauce on ('id', 'password')
2025-10-20 23:46:30,573 UTC INFO     src.pages.selenium.login_page  Click login button
2025-10-20 23:46:30,574 UTC INFO     src.pages.selenium.base_page  Finding element:  ('id', 'login-button')
2025-10-20 23:46:32,629 UTC INFO     src.pages.selenium.base_page  Finding element:  ('id', 'login-button')
2025-10-20 23:46:32,818 UTC INFO     src.pages.selenium.base_page  Clicking element:  ('id', 'login-button')
2025-10-20 23:46:32,819 UTC INFO     src.pages.selenium.base_page  Finding element:  ('class name', 'title')
2025-10-20 23:46:32,880 UTC INFO     test_inventory_page  Page title: Products
2025-10-20 23:46:32,882 UTC INFO     src.pages.selenium.base_page  Finding element:  ('class name', 'title')
2025-10-20 23:46:33,034 UTC INFO     src.pages.selenium.login_page  Navigating to the login page: https://www.saucedemo.com/
2025-10-20 23:46:33,035 UTC INFO     test_inventory_page  Enter the credentials and then click on login button
2025-10-20 23:46:33,035 UTC INFO     src.pages.selenium.login_page  Enter username
2025-10-20 23:46:33,039 UTC INFO     src.pages.selenium.base_page  Finding element:  ('id', 'user-name')
2025-10-20 23:46:33,145 UTC INFO     src.pages.selenium.base_page  Entering text:  standard_user on ('id', 'user-name')
2025-10-20 23:46:33,148 UTC INFO     src.pages.selenium.login_page  Enter password
2025-10-20 23:46:33,149 UTC INFO     src.pages.selenium.base_page  Finding element:  ('id', 'password')
2025-10-20 23:46:33,227 UTC INFO     src.pages.selenium.base_page  Entering text:  secret_sauce on ('id', 'password')
2025-10-20 23:46:33,228 UTC INFO     src.pages.selenium.login_page  Click login button
2025-10-20 23:46:33,229 UTC INFO     src.pages.selenium.base_page  Finding element:  ('id', 'login-button')
2025-10-20 23:46:35,283 UTC INFO     src.pages.selenium.base_page  Finding element:  ('id', 'login-button')
2025-10-20 23:46:35,384 UTC INFO     src.pages.selenium.base_page  Clicking element:  ('id', 'login-button')
