2025-10-24 01:20:07,299 UTC INFO     src.pages.selenium.login_page  Navigating to the login page: https://www.saucedemo.com/
2025-10-24 01:20:07,302 UTC INFO     test_checkout_page  Enter the credentials and then click on login button
2025-10-24 01:20:07,304 UTC INFO     src.pages.selenium.login_page  Enter username
2025-10-24 01:20:07,305 UTC INFO     src.pages.selenium.base_page  Finding element:  ('id', 'user-name')
2025-10-24 01:20:07,447 UTC INFO     src.pages.selenium.base_page  Entering text:  standard_user on ('id', 'user-name')
2025-10-24 01:20:07,448 UTC INFO     src.pages.selenium.login_page  Enter password
2025-10-24 01:20:07,450 UTC INFO     src.pages.selenium.base_page  Finding element:  ('id', 'password')
2025-10-24 01:20:07,547 UTC INFO     src.pages.selenium.base_page  Entering text:  secret_sauce on ('id', 'password')
2025-10-24 01:20:07,548 UTC INFO     src.pages.selenium.login_page  Click login button
2025-10-24 01:20:07,548 UTC INFO     src.pages.selenium.base_page  Finding element:  ('id', 'login-button')
2025-10-24 01:20:09,610 UTC INFO     src.pages.selenium.base_page  Finding element:  ('id', 'login-button')
2025-10-24 01:20:09,905 UTC INFO     src.pages.selenium.base_page  Clicking element:  ('id', 'login-button')
2025-10-24 01:20:22,520 UTC INFO     src.pages.selenium.base_page  Finding element:  ('class name', 'shopping_cart_badge')
2025-10-24 01:20:24,583 UTC INFO     src.pages.selenium.base_page  Finding element:  ('class name', 'shopping_cart_badge')
2025-10-24 01:20:24,708 UTC INFO     src.pages.selenium.base_page  Clicking element:  ('class name', 'shopping_cart_badge')
2025-10-24 01:20:24,709 UTC INFO     src.pages.selenium.base_page  Finding element:  ('id', 'checkout')
2025-10-24 01:20:24,819 UTC INFO     src.pages.selenium.base_page  Finding element:  ('id', 'first-name')
2025-10-24 01:20:24,931 UTC INFO     src.pages.selenium.base_page  Entering text:  John on ('id', 'first-name')
2025-10-24 01:20:24,934 UTC INFO     src.pages.selenium.base_page  Finding element:  ('id', 'last-name')
2025-10-24 01:20:25,022 UTC INFO     src.pages.selenium.base_page  Entering text:  Doe on ('id', 'last-name')
2025-10-24 01:20:25,023 UTC INFO     src.pages.selenium.base_page  Finding element:  ('id', 'postal-code')
2025-10-24 01:20:25,127 UTC INFO     src.pages.selenium.base_page  Entering text:  12345 on ('id', 'postal-code')
2025-10-24 01:20:25,127 UTC INFO     src.pages.selenium.base_page  Finding element:  ('id', 'continue')
2025-10-24 01:20:27,204 UTC INFO     src.pages.selenium.base_page  Finding element:  ('id', 'continue')
2025-10-24 01:20:27,334 UTC INFO     src.pages.selenium.base_page  Clicking element:  ('id', 'continue')
2025-10-24 01:20:27,336 UTC INFO     src.pages.selenium.base_page  Finding element:  ('class name', 'title')
