2025-10-27 21:27:28,083 UTC INFO     conftest         Test name: 'test_cart_page_title' started
2025-10-27 21:27:30,241 UTC INFO     src.pages.selenium.login_page  Navigating to the login page: https://www.saucedemo.com/
2025-10-27 21:27:30,243 UTC INFO     test_cart_page   Enter the credentials and then click on login button
2025-10-27 21:27:30,244 UTC INFO     src.pages.selenium.login_page  Enter username
2025-10-27 21:27:30,246 UTC INFO     src.pages.selenium.base_page  Finding element:  ('id', 'user-name')
2025-10-27 21:27:30,408 UTC INFO     src.pages.selenium.base_page  Entering text:  standard_user on ('id', 'user-name')
2025-10-27 21:27:30,410 UTC INFO     src.pages.selenium.login_page  Enter password
2025-10-27 21:27:30,412 UTC INFO     src.pages.selenium.base_page  Finding element:  ('id', 'password')
2025-10-27 21:27:30,519 UTC INFO     src.pages.selenium.base_page  Entering text:  secret_sauce on ('id', 'password')
2025-10-27 21:27:30,521 UTC INFO     src.pages.selenium.login_page  Click login button
2025-10-27 21:27:30,521 UTC INFO     src.pages.selenium.base_page  Finding element:  ('id', 'login-button')
2025-10-27 21:27:32,704 UTC INFO     src.pages.selenium.base_page  Finding element:  ('id', 'login-button')
2025-10-27 21:27:33,010 UTC INFO     src.pages.selenium.base_page  Clicking element:  ('id', 'login-button')
2025-10-27 21:27:45,696 UTC INFO     src.pages.selenium.base_page  Finding element:  ('class name', 'shopping_cart_badge')
2025-10-27 21:27:47,756 UTC INFO     src.pages.selenium.base_page  Finding element:  ('class name', 'shopping_cart_badge')
2025-10-27 21:27:47,885 UTC INFO     src.pages.selenium.base_page  Clicking element:  ('class name', 'shopping_cart_badge')
2025-10-27 21:27:47,886 UTC INFO     src.pages.selenium.base_page  Finding element:  ('class name', 'title')
2025-10-27 21:27:47,938 UTC INFO     test_cart_page   Page title: Your Cart
2025-10-27 21:27:47,940 UTC INFO     src.pages.selenium.base_page  Finding element:  ('class name', 'title')
2025-10-27 21:27:47,974 UTC INFO     conftest         Test name: 'test_cart_page_title' finished
2025-10-27 21:27:52,398 UTC INFO     conftest         Test name: 'test_cart_checkout' started
2025-10-27 21:27:54,556 UTC INFO     src.pages.selenium.login_page  Navigating to the login page: https://www.saucedemo.com/
2025-10-27 21:27:54,558 UTC INFO     test_cart_page   Enter the credentials and then click on login button
2025-10-27 21:27:54,559 UTC INFO     src.pages.selenium.login_page  Enter username
2025-10-27 21:27:54,562 UTC INFO     src.pages.selenium.base_page  Finding element:  ('id', 'user-name')
2025-10-27 21:27:54,739 UTC INFO     src.pages.selenium.base_page  Entering text:  standard_user on ('id', 'user-name')
2025-10-27 21:27:54,742 UTC INFO     src.pages.selenium.login_page  Enter password
2025-10-27 21:27:54,742 UTC INFO     src.pages.selenium.base_page  Finding element:  ('id', 'password')
2025-10-27 21:27:54,864 UTC INFO     src.pages.selenium.base_page  Entering text:  secret_sauce on ('id', 'password')
2025-10-27 21:27:54,865 UTC INFO     src.pages.selenium.login_page  Click login button
2025-10-27 21:27:54,866 UTC INFO     src.pages.selenium.base_page  Finding element:  ('id', 'login-button')
2025-10-27 21:27:56,916 UTC INFO     src.pages.selenium.base_page  Finding element:  ('id', 'login-button')
2025-10-27 21:27:57,079 UTC INFO     src.pages.selenium.base_page  Clicking element:  ('id', 'login-button')
2025-10-27 21:28:09,734 UTC INFO     src.pages.selenium.base_page  Finding element:  ('class name', 'shopping_cart_badge')
2025-10-27 21:28:11,793 UTC INFO     src.pages.selenium.base_page  Finding element:  ('class name', 'shopping_cart_badge')
2025-10-27 21:28:11,894 UTC INFO     src.pages.selenium.base_page  Clicking element:  ('class name', 'shopping_cart_badge')
2025-10-27 21:28:11,895 UTC INFO     src.pages.selenium.base_page  Finding element:  ('id', 'checkout')
2025-10-27 21:28:12,023 UTC INFO     src.pages.selenium.base_page  Finding element:  ('class name', 'title')
2025-10-27 21:28:12,074 UTC INFO     conftest         Test name: 'test_cart_checkout' finished
2025-10-27 21:28:16,437 UTC INFO     conftest         Test name: 'test_cart_checkout_page_title' started
2025-10-27 21:28:18,738 UTC INFO     src.pages.selenium.login_page  Navigating to the login page: https://www.saucedemo.com/
2025-10-27 21:28:18,740 UTC INFO     test_checkout_page  Enter the credentials and then click on login button
2025-10-27 21:28:18,741 UTC INFO     src.pages.selenium.login_page  Enter username
2025-10-27 21:28:18,741 UTC INFO     src.pages.selenium.base_page  Finding element:  ('id', 'user-name')
2025-10-27 21:28:18,889 UTC INFO     src.pages.selenium.base_page  Entering text:  standard_user on ('id', 'user-name')
2025-10-27 21:28:18,889 UTC INFO     src.pages.selenium.login_page  Enter password
2025-10-27 21:28:18,890 UTC INFO     src.pages.selenium.base_page  Finding element:  ('id', 'password')
2025-10-27 21:28:18,992 UTC INFO     src.pages.selenium.base_page  Entering text:  secret_sauce on ('id', 'password')
2025-10-27 21:28:18,993 UTC INFO     src.pages.selenium.login_page  Click login button
2025-10-27 21:28:18,993 UTC INFO     src.pages.selenium.base_page  Finding element:  ('id', 'login-button')
2025-10-27 21:28:21,054 UTC INFO     src.pages.selenium.base_page  Finding element:  ('id', 'login-button')
2025-10-27 21:28:21,208 UTC INFO     src.pages.selenium.base_page  Clicking element:  ('id', 'login-button')
2025-10-27 21:28:33,831 UTC INFO     src.pages.selenium.base_page  Finding element:  ('class name', 'shopping_cart_badge')
2025-10-27 21:28:35,918 UTC INFO     src.pages.selenium.base_page  Finding element:  ('class name', 'shopping_cart_badge')
2025-10-27 21:28:36,048 UTC INFO     src.pages.selenium.base_page  Clicking element:  ('class name', 'shopping_cart_badge')
2025-10-27 21:28:36,054 UTC INFO     src.pages.selenium.base_page  Finding element:  ('id', 'checkout')
2025-10-27 21:28:36,196 UTC INFO     src.pages.selenium.base_page  Finding element:  ('class name', 'title')
2025-10-27 21:28:36,236 UTC INFO     conftest         Test name: 'test_cart_checkout_page_title' finished
2025-10-27 21:28:40,673 UTC INFO     conftest         Test name: 'test_cart_checkout_your_information' started
2025-10-27 21:28:42,985 UTC INFO     src.pages.selenium.login_page  Navigating to the login page: https://www.saucedemo.com/
2025-10-27 21:28:42,987 UTC INFO     test_checkout_page  Enter the credentials and then click on login button
2025-10-27 21:28:42,989 UTC INFO     src.pages.selenium.login_page  Enter username
2025-10-27 21:28:42,990 UTC INFO     src.pages.selenium.base_page  Finding element:  ('id', 'user-name')
2025-10-27 21:28:43,143 UTC INFO     src.pages.selenium.base_page  Entering text:  standard_user on ('id', 'user-name')
2025-10-27 21:28:43,144 UTC INFO     src.pages.selenium.login_page  Enter password
2025-10-27 21:28:43,145 UTC INFO     src.pages.selenium.base_page  Finding element:  ('id', 'password')
2025-10-27 21:28:43,274 UTC INFO     src.pages.selenium.base_page  Entering text:  secret_sauce on ('id', 'password')
2025-10-27 21:28:43,276 UTC INFO     src.pages.selenium.login_page  Click login button
2025-10-27 21:28:43,276 UTC INFO     src.pages.selenium.base_page  Finding element:  ('id', 'login-button')
2025-10-27 21:28:45,342 UTC INFO     src.pages.selenium.base_page  Finding element:  ('id', 'login-button')
2025-10-27 21:28:45,536 UTC INFO     src.pages.selenium.base_page  Clicking element:  ('id', 'login-button')
2025-10-27 21:28:58,231 UTC INFO     src.pages.selenium.base_page  Finding element:  ('class name', 'shopping_cart_badge')
2025-10-27 21:29:00,296 UTC INFO     src.pages.selenium.base_page  Finding element:  ('class name', 'shopping_cart_badge')
2025-10-27 21:29:00,402 UTC INFO     src.pages.selenium.base_page  Clicking element:  ('class name', 'shopping_cart_badge')
2025-10-27 21:29:00,403 UTC INFO     src.pages.selenium.base_page  Finding element:  ('id', 'checkout')
2025-10-27 21:29:00,517 UTC INFO     src.pages.selenium.base_page  Finding element:  ('class name', 'title')
2025-10-27 21:29:00,562 UTC INFO     src.pages.selenium.base_page  Finding element:  ('id', 'first-name')
2025-10-27 21:29:00,676 UTC INFO     src.pages.selenium.base_page  Entering text:  John on ('id', 'first-name')
2025-10-27 21:29:00,676 UTC INFO     src.pages.selenium.base_page  Finding element:  ('id', 'last-name')
2025-10-27 21:29:00,776 UTC INFO     src.pages.selenium.base_page  Entering text:  Doe on ('id', 'last-name')
2025-10-27 21:29:00,777 UTC INFO     src.pages.selenium.base_page  Finding element:  ('id', 'postal-code')
2025-10-27 21:29:00,897 UTC INFO     src.pages.selenium.base_page  Entering text:  12345 on ('id', 'postal-code')
2025-10-27 21:29:00,900 UTC INFO     src.pages.selenium.base_page  Finding element:  ('id', 'continue')
2025-10-27 21:29:02,961 UTC INFO     src.pages.selenium.base_page  Finding element:  ('id', 'continue')
2025-10-27 21:29:03,083 UTC INFO     src.pages.selenium.base_page  Clicking element:  ('id', 'continue')
2025-10-27 21:29:03,088 UTC INFO     conftest         Test name: 'test_cart_checkout_your_information' finished
2025-10-27 21:29:07,581 UTC INFO     conftest         Test name: 'test_cart_checkout_overview' started
2025-10-27 21:29:10,136 UTC INFO     src.pages.selenium.login_page  Navigating to the login page: https://www.saucedemo.com/
2025-10-27 21:29:10,139 UTC INFO     test_checkout_page  Enter the credentials and then click on login button
2025-10-27 21:29:10,141 UTC INFO     src.pages.selenium.login_page  Enter username
2025-10-27 21:29:10,141 UTC INFO     src.pages.selenium.base_page  Finding element:  ('id', 'user-name')
2025-10-27 21:29:10,276 UTC INFO     src.pages.selenium.base_page  Entering text:  standard_user on ('id', 'user-name')
2025-10-27 21:29:10,276 UTC INFO     src.pages.selenium.login_page  Enter password
2025-10-27 21:29:10,276 UTC INFO     src.pages.selenium.base_page  Finding element:  ('id', 'password')
2025-10-27 21:29:10,384 UTC INFO     src.pages.selenium.base_page  Entering text:  secret_sauce on ('id', 'password')
2025-10-27 21:29:10,386 UTC INFO     src.pages.selenium.login_page  Click login button
2025-10-27 21:29:10,388 UTC INFO     src.pages.selenium.base_page  Finding element:  ('id', 'login-button')
2025-10-27 21:29:12,453 UTC INFO     src.pages.selenium.base_page  Finding element:  ('id', 'login-button')
2025-10-27 21:29:12,680 UTC INFO     src.pages.selenium.base_page  Clicking element:  ('id', 'login-button')
2025-10-27 21:29:25,479 UTC INFO     src.pages.selenium.base_page  Finding element:  ('class name', 'shopping_cart_badge')
2025-10-27 21:29:27,549 UTC INFO     src.pages.selenium.base_page  Finding element:  ('class name', 'shopping_cart_badge')
2025-10-27 21:29:27,652 UTC INFO     src.pages.selenium.base_page  Clicking element:  ('class name', 'shopping_cart_badge')
2025-10-27 21:29:27,653 UTC INFO     src.pages.selenium.base_page  Finding element:  ('id', 'checkout')
2025-10-27 21:29:27,764 UTC INFO     src.pages.selenium.base_page  Finding element:  ('id', 'first-name')
2025-10-27 21:29:27,874 UTC INFO     src.pages.selenium.base_page  Entering text:  John on ('id', 'first-name')
2025-10-27 21:29:27,874 UTC INFO     src.pages.selenium.base_page  Finding element:  ('id', 'last-name')
2025-10-27 21:29:27,973 UTC INFO     src.pages.selenium.base_page  Entering text:  Doe on ('id', 'last-name')
2025-10-27 21:29:27,974 UTC INFO     src.pages.selenium.base_page  Finding element:  ('id', 'postal-code')
2025-10-27 21:29:28,072 UTC INFO     src.pages.selenium.base_page  Entering text:  12345 on ('id', 'postal-code')
2025-10-27 21:29:28,074 UTC INFO     src.pages.selenium.base_page  Finding element:  ('id', 'continue')
2025-10-27 21:29:30,132 UTC INFO     src.pages.selenium.base_page  Finding element:  ('id', 'continue')
2025-10-27 21:29:30,272 UTC INFO     src.pages.selenium.base_page  Clicking element:  ('id', 'continue')
2025-10-27 21:29:30,274 UTC INFO     src.pages.selenium.base_page  Finding element:  ('class name', 'title')
2025-10-27 21:29:30,317 UTC INFO     src.pages.selenium.base_page  Finding element:  ('id', 'finish')
2025-10-27 21:29:32,369 UTC INFO     src.pages.selenium.base_page  Finding element:  ('id', 'finish')
2025-10-27 21:29:32,489 UTC INFO     src.pages.selenium.base_page  Clicking element:  ('id', 'finish')
2025-10-27 21:29:32,490 UTC INFO     src.pages.selenium.base_page  Finding element:  ('class name', 'title')
2025-10-27 21:29:32,526 UTC INFO     conftest         Test name: 'test_cart_checkout_overview' finished
2025-10-27 21:29:36,875 UTC INFO     conftest         Test name: 'test_cart_checkout_complete' started
2025-10-27 21:29:39,152 UTC INFO     src.pages.selenium.login_page  Navigating to the login page: https://www.saucedemo.com/
2025-10-27 21:29:39,153 UTC INFO     test_checkout_page  Enter the credentials and then click on login button
2025-10-27 21:29:39,154 UTC INFO     src.pages.selenium.login_page  Enter username
2025-10-27 21:29:39,156 UTC INFO     src.pages.selenium.base_page  Finding element:  ('id', 'user-name')
2025-10-27 21:29:39,307 UTC INFO     src.pages.selenium.base_page  Entering text:  standard_user on ('id', 'user-name')
2025-10-27 21:29:39,309 UTC INFO     src.pages.selenium.login_page  Enter password
2025-10-27 21:29:39,311 UTC INFO     src.pages.selenium.base_page  Finding element:  ('id', 'password')
2025-10-27 21:29:39,433 UTC INFO     src.pages.selenium.base_page  Entering text:  secret_sauce on ('id', 'password')
2025-10-27 21:29:39,435 UTC INFO     src.pages.selenium.login_page  Click login button
2025-10-27 21:29:39,436 UTC INFO     src.pages.selenium.base_page  Finding element:  ('id', 'login-button')
2025-10-27 21:29:41,502 UTC INFO     src.pages.selenium.base_page  Finding element:  ('id', 'login-button')
2025-10-27 21:29:41,804 UTC INFO     src.pages.selenium.base_page  Clicking element:  ('id', 'login-button')
2025-10-27 21:29:54,434 UTC INFO     src.pages.selenium.base_page  Finding element:  ('class name', 'shopping_cart_badge')
2025-10-27 21:29:56,499 UTC INFO     src.pages.selenium.base_page  Finding element:  ('class name', 'shopping_cart_badge')
2025-10-27 21:29:56,676 UTC INFO     src.pages.selenium.base_page  Clicking element:  ('class name', 'shopping_cart_badge')
2025-10-27 21:29:56,677 UTC INFO     src.pages.selenium.base_page  Finding element:  ('id', 'checkout')
2025-10-27 21:29:56,768 UTC INFO     src.pages.selenium.base_page  Finding element:  ('id', 'first-name')
2025-10-27 21:29:56,882 UTC INFO     src.pages.selenium.base_page  Entering text:  John on ('id', 'first-name')
2025-10-27 21:29:56,884 UTC INFO     src.pages.selenium.base_page  Finding element:  ('id', 'last-name')
2025-10-27 21:29:56,974 UTC INFO     src.pages.selenium.base_page  Entering text:  Doe on ('id', 'last-name')
2025-10-27 21:29:56,976 UTC INFO     src.pages.selenium.base_page  Finding element:  ('id', 'postal-code')
2025-10-27 21:29:57,069 UTC INFO     src.pages.selenium.base_page  Entering text:  12345 on ('id', 'postal-code')
2025-10-27 21:29:57,071 UTC INFO     src.pages.selenium.base_page  Finding element:  ('id', 'continue')
2025-10-27 21:29:59,122 UTC INFO     src.pages.selenium.base_page  Finding element:  ('id', 'continue')
2025-10-27 21:29:59,251 UTC INFO     src.pages.selenium.base_page  Clicking element:  ('id', 'continue')
2025-10-27 21:29:59,253 UTC INFO     src.pages.selenium.base_page  Finding element:  ('class name', 'title')
2025-10-27 21:29:59,296 UTC INFO     src.pages.selenium.base_page  Finding element:  ('id', 'finish')
2025-10-27 21:30:01,347 UTC INFO     src.pages.selenium.base_page  Finding element:  ('id', 'finish')
2025-10-27 21:30:01,458 UTC INFO     src.pages.selenium.base_page  Clicking element:  ('id', 'finish')
2025-10-27 21:30:01,458 UTC INFO     src.pages.selenium.base_page  Finding element:  ('class name', 'title')
2025-10-27 21:30:01,514 UTC INFO     conftest         Test name: 'test_cart_checkout_complete' finished
2025-10-27 21:30:06,027 UTC INFO     conftest         Test name: 'test_inventory_page_title' started
2025-10-27 21:30:08,771 UTC INFO     src.pages.selenium.login_page  Navigating to the login page: https://www.saucedemo.com/
2025-10-27 21:30:08,772 UTC INFO     test_inventory_page  Enter the credentials and then click on login button
2025-10-27 21:30:08,775 UTC INFO     src.pages.selenium.login_page  Enter username
2025-10-27 21:30:08,777 UTC INFO     src.pages.selenium.base_page  Finding element:  ('id', 'user-name')
2025-10-27 21:30:08,933 UTC INFO     src.pages.selenium.base_page  Entering text:  standard_user on ('id', 'user-name')
2025-10-27 21:30:08,933 UTC INFO     src.pages.selenium.login_page  Enter password
2025-10-27 21:30:08,936 UTC INFO     src.pages.selenium.base_page  Finding element:  ('id', 'password')
2025-10-27 21:30:09,036 UTC INFO     src.pages.selenium.base_page  Entering text:  secret_sauce on ('id', 'password')
2025-10-27 21:30:09,037 UTC INFO     src.pages.selenium.login_page  Click login button
2025-10-27 21:30:09,039 UTC INFO     src.pages.selenium.base_page  Finding element:  ('id', 'login-button')
2025-10-27 21:30:11,099 UTC INFO     src.pages.selenium.base_page  Finding element:  ('id', 'login-button')
2025-10-27 21:30:11,296 UTC INFO     src.pages.selenium.base_page  Clicking element:  ('id', 'login-button')
2025-10-27 21:30:11,309 UTC INFO     src.pages.selenium.base_page  Finding element:  ('class name', 'title')
2025-10-27 21:30:11,376 UTC INFO     test_inventory_page  Page title: Products
2025-10-27 21:30:11,378 UTC INFO     src.pages.selenium.base_page  Finding element:  ('class name', 'title')
2025-10-27 21:30:11,421 UTC INFO     conftest         Test name: 'test_inventory_page_title' finished
2025-10-27 21:30:15,642 UTC INFO     conftest         Test name: 'test_inventory_add_all_items_to_cart' started
2025-10-27 21:30:18,257 UTC INFO     src.pages.selenium.login_page  Navigating to the login page: https://www.saucedemo.com/
2025-10-27 21:30:18,259 UTC INFO     test_inventory_page  Enter the credentials and then click on login button
2025-10-27 21:30:18,261 UTC INFO     src.pages.selenium.login_page  Enter username
2025-10-27 21:30:18,264 UTC INFO     src.pages.selenium.base_page  Finding element:  ('id', 'user-name')
2025-10-27 21:30:18,417 UTC INFO     src.pages.selenium.base_page  Entering text:  standard_user on ('id', 'user-name')
2025-10-27 21:30:18,419 UTC INFO     src.pages.selenium.login_page  Enter password
2025-10-27 21:30:18,422 UTC INFO     src.pages.selenium.base_page  Finding element:  ('id', 'password')
2025-10-27 21:30:18,508 UTC INFO     src.pages.selenium.base_page  Entering text:  secret_sauce on ('id', 'password')
2025-10-27 21:30:18,509 UTC INFO     src.pages.selenium.login_page  Click login button
2025-10-27 21:30:18,511 UTC INFO     src.pages.selenium.base_page  Finding element:  ('id', 'login-button')
2025-10-27 21:30:20,567 UTC INFO     src.pages.selenium.base_page  Finding element:  ('id', 'login-button')
2025-10-27 21:30:20,758 UTC INFO     src.pages.selenium.base_page  Clicking element:  ('id', 'login-button')
2025-10-27 21:30:33,518 UTC INFO     src.pages.selenium.base_page  Finding element:  ('class name', 'shopping_cart_badge')
2025-10-27 21:30:33,581 UTC INFO     conftest         Test name: 'test_inventory_add_all_items_to_cart' finished
2025-10-27 21:30:37,864 UTC INFO     conftest         Test name: 'test_successfull_login' started
2025-10-27 21:30:40,055 UTC INFO     src.pages.selenium.login_page  Navigating to the login page: https://www.saucedemo.com/
2025-10-27 21:30:40,057 UTC INFO     test_login_page  Verifying the elements displayed
2025-10-27 21:30:40,059 UTC INFO     src.pages.selenium.base_page  Finding element:  ('xpath', "//*[@id='root']/div/div[1]")
2025-10-27 21:30:40,110 UTC INFO     test_login_page  login header: Swag Labs
2025-10-27 21:30:40,110 UTC INFO     src.pages.selenium.base_page  Finding element:  ('xpath', "//*[@id='root']/div/div[1]")
2025-10-27 21:30:40,141 UTC INFO     src.pages.selenium.base_page  Finding element:  ('id', 'login-button')
2025-10-27 21:30:40,178 UTC INFO     src.pages.selenium.base_page  Finding element:  ('id', 'login-button')
2025-10-27 21:30:40,229 UTC INFO     test_login_page  Enter the credentials and then click on login button
2025-10-27 21:30:40,229 UTC INFO     src.pages.selenium.login_page  Enter username
2025-10-27 21:30:40,231 UTC INFO     src.pages.selenium.base_page  Finding element:  ('id', 'user-name')
2025-10-27 21:30:40,385 UTC INFO     src.pages.selenium.base_page  Entering text:  standard_user on ('id', 'user-name')
2025-10-27 21:30:40,386 UTC INFO     src.pages.selenium.login_page  Enter password
2025-10-27 21:30:40,387 UTC INFO     src.pages.selenium.base_page  Finding element:  ('id', 'password')
2025-10-27 21:30:40,478 UTC INFO     src.pages.selenium.base_page  Entering text:  secret_sauce on ('id', 'password')
2025-10-27 21:30:40,480 UTC INFO     src.pages.selenium.login_page  Click login button
2025-10-27 21:30:40,481 UTC INFO     src.pages.selenium.base_page  Finding element:  ('id', 'login-button')
2025-10-27 21:30:42,530 UTC INFO     src.pages.selenium.base_page  Finding element:  ('id', 'login-button')
2025-10-27 21:30:42,669 UTC INFO     src.pages.selenium.base_page  Clicking element:  ('id', 'login-button')
2025-10-27 21:30:42,672 UTC INFO     conftest         Test name: 'test_successfull_login' finished
