2025-10-27 20:47:34,672 UTC INFO     src.pages.selenium.login_page  Navigating to the login page: https://www.saucedemo.com/
2025-10-27 20:47:34,675 UTC INFO     test_checkout_page  Enter the credentials and then click on login button
2025-10-27 20:47:34,677 UTC INFO     src.pages.selenium.login_page  Enter username
2025-10-27 20:47:34,678 UTC INFO     src.pages.selenium.base_page  Finding element:  ('id', 'user-name')
2025-10-27 20:47:34,840 UTC INFO     src.pages.selenium.base_page  Entering text:  standard_user on ('id', 'user-name')
2025-10-27 20:47:34,845 UTC INFO     src.pages.selenium.login_page  Enter password
2025-10-27 20:47:34,847 UTC INFO     src.pages.selenium.base_page  Finding element:  ('id', 'password')
2025-10-27 20:47:34,944 UTC INFO     src.pages.selenium.base_page  Entering text:  secret_sauce on ('id', 'password')
2025-10-27 20:47:34,946 UTC INFO     src.pages.selenium.login_page  Click login button
2025-10-27 20:47:34,948 UTC INFO     src.pages.selenium.base_page  Finding element:  ('id', 'login-button')
2025-10-27 20:47:37,003 UTC INFO     src.pages.selenium.base_page  Finding element:  ('id', 'login-button')
2025-10-27 20:47:37,191 UTC INFO     src.pages.selenium.base_page  Clicking element:  ('id', 'login-button')
2025-10-27 20:47:49,884 UTC INFO     src.pages.selenium.base_page  Finding element:  ('class name', 'shopping_cart_badge')
2025-10-27 20:47:51,945 UTC INFO     src.pages.selenium.base_page  Finding element:  ('class name', 'shopping_cart_badge')
2025-10-27 20:47:52,068 UTC INFO     src.pages.selenium.base_page  Clicking element:  ('class name', 'shopping_cart_badge')
2025-10-27 20:47:52,070 UTC INFO     src.pages.selenium.base_page  Finding element:  ('id', 'checkout')
2025-10-27 20:47:52,169 UTC INFO     src.pages.selenium.base_page  Finding element:  ('id', 'first-name')
2025-10-27 20:47:52,268 UTC INFO     src.pages.selenium.base_page  Entering text:  John on ('id', 'first-name')
2025-10-27 20:47:52,269 UTC INFO     src.pages.selenium.base_page  Finding element:  ('id', 'last-name')
2025-10-27 20:47:52,362 UTC INFO     src.pages.selenium.base_page  Entering text:  Doe on ('id', 'last-name')
2025-10-27 20:47:52,363 UTC INFO     src.pages.selenium.base_page  Finding element:  ('id', 'postal-code')
2025-10-27 20:47:52,457 UTC INFO     src.pages.selenium.base_page  Entering text:  12345 on ('id', 'postal-code')
2025-10-27 20:47:52,459 UTC INFO     src.pages.selenium.base_page  Finding element:  ('id', 'continue')
2025-10-27 20:47:54,532 UTC INFO     src.pages.selenium.base_page  Finding element:  ('id', 'continue')
2025-10-27 20:47:54,656 UTC INFO     src.pages.selenium.base_page  Clicking element:  ('id', 'continue')
2025-10-27 20:47:54,656 UTC INFO     src.pages.selenium.base_page  Finding element:  ('class name', 'title')
2025-10-27 20:47:54,700 UTC INFO     src.pages.selenium.base_page  Finding element:  ('id', 'finish')
2025-10-27 20:47:56,760 UTC INFO     src.pages.selenium.base_page  Finding element:  ('id', 'finish')
2025-10-27 20:47:56,867 UTC INFO     src.pages.selenium.base_page  Clicking element:  ('id', 'finish')
2025-10-27 20:47:56,869 UTC INFO     src.pages.selenium.base_page  Finding element:  ('class name', 'title')
