2025-10-20 23:38:32,898 UTC INFO     src.pages.selenium.login_page  Navigating to the login page: https://www.saucedemo.com/
2025-10-20 23:38:32,899 UTC INFO     test_inventory_page  Enter the credentials and then click on login button
2025-10-20 23:38:32,900 UTC INFO     src.pages.selenium.login_page  Enter username
2025-10-20 23:38:32,902 UTC INFO     src.pages.selenium.base_page  Finding element:  ('id', 'user-name')
2025-10-20 23:38:33,064 UTC INFO     src.pages.selenium.base_page  Entering text:  standard_user on ('id', 'user-name')
2025-10-20 23:38:33,066 UTC INFO     src.pages.selenium.login_page  Enter password
2025-10-20 23:38:33,068 UTC INFO     src.pages.selenium.base_page  Finding element:  ('id', 'password')
2025-10-20 23:38:33,171 UTC INFO     src.pages.selenium.base_page  Entering text:  secret_sauce on ('id', 'password')
2025-10-20 23:38:33,173 UTC INFO     src.pages.selenium.login_page  Click login button
2025-10-20 23:38:33,174 UTC INFO     src.pages.selenium.base_page  Finding element:  ('id', 'login-button')
2025-10-20 23:38:35,235 UTC INFO     src.pages.selenium.base_page  Finding element:  ('id', 'login-button')
2025-10-20 23:38:35,426 UTC INFO     src.pages.selenium.base_page  Clicking element:  ('id', 'login-button')
2025-10-20 23:38:35,428 UTC INFO     src.pages.selenium.base_page  Finding element:  ('class name', 'title')
2025-10-20 23:38:35,485 UTC INFO     test_inventory_page  Page title: Products
2025-10-20 23:38:35,487 UTC INFO     src.pages.selenium.base_page  Finding element:  ('class name', 'title')
2025-10-20 23:38:35,619 UTC INFO     src.pages.selenium.login_page  Navigating to the login page: https://www.saucedemo.com/
2025-10-20 23:38:35,621 UTC INFO     test_inventory_page  Enter the credentials and then click on login button
2025-10-20 23:38:35,623 UTC INFO     src.pages.selenium.login_page  Enter username
2025-10-20 23:38:35,623 UTC INFO     src.pages.selenium.base_page  Finding element:  ('id', 'user-name')
2025-10-20 23:38:35,719 UTC INFO     src.pages.selenium.base_page  Entering text:  standard_user on ('id', 'user-name')
2025-10-20 23:38:35,721 UTC INFO     src.pages.selenium.login_page  Enter password
2025-10-20 23:38:35,722 UTC INFO     src.pages.selenium.base_page  Finding element:  ('id', 'password')
2025-10-20 23:38:35,802 UTC INFO     src.pages.selenium.base_page  Entering text:  secret_sauce on ('id', 'password')
2025-10-20 23:38:35,804 UTC INFO     src.pages.selenium.login_page  Click login button
2025-10-20 23:38:35,805 UTC INFO     src.pages.selenium.base_page  Finding element:  ('id', 'login-button')
2025-10-20 23:38:37,856 UTC INFO     src.pages.selenium.base_page  Finding element:  ('id', 'login-button')
2025-10-20 23:38:37,956 UTC INFO     src.pages.selenium.base_page  Clicking element:  ('id', 'login-button')
