2025-10-20 23:39:58,194 UTC INFO     src.pages.selenium.login_page  Navigating to the login page: https://www.saucedemo.com/
2025-10-20 23:39:58,194 UTC INFO     test_inventory_page  Enter the credentials and then click on login button
2025-10-20 23:39:58,198 UTC INFO     src.pages.selenium.login_page  Enter username
2025-10-20 23:39:58,201 UTC INFO     src.pages.selenium.base_page  Finding element:  ('id', 'user-name')
2025-10-20 23:39:58,340 UTC INFO     src.pages.selenium.base_page  Entering text:  standard_user on ('id', 'user-name')
2025-10-20 23:39:58,341 UTC INFO     src.pages.selenium.login_page  Enter password
2025-10-20 23:39:58,344 UTC INFO     src.pages.selenium.base_page  Finding element:  ('id', 'password')
2025-10-20 23:39:58,441 UTC INFO     src.pages.selenium.base_page  Entering text:  secret_sauce on ('id', 'password')
2025-10-20 23:39:58,443 UTC INFO     src.pages.selenium.login_page  Click login button
2025-10-20 23:39:58,444 UTC INFO     src.pages.selenium.base_page  Finding element:  ('id', 'login-button')
2025-10-20 23:40:00,507 UTC INFO     src.pages.selenium.base_page  Finding element:  ('id', 'login-button')
2025-10-20 23:40:00,731 UTC INFO     src.pages.selenium.base_page  Clicking element:  ('id', 'login-button')
2025-10-20 23:40:00,734 UTC INFO     src.pages.selenium.base_page  Finding element:  ('class name', 'title')
2025-10-20 23:40:00,809 UTC INFO     test_inventory_page  Page title: Products
2025-10-20 23:40:00,809 UTC INFO     src.pages.selenium.base_page  Finding element:  ('class name', 'title')
2025-10-20 23:40:00,960 UTC INFO     src.pages.selenium.login_page  Navigating to the login page: https://www.saucedemo.com/
2025-10-20 23:40:00,962 UTC INFO     test_inventory_page  Enter the credentials and then click on login button
2025-10-20 23:40:00,964 UTC INFO     src.pages.selenium.login_page  Enter username
2025-10-20 23:40:00,965 UTC INFO     src.pages.selenium.base_page  Finding element:  ('id', 'user-name')
2025-10-20 23:40:01,057 UTC INFO     src.pages.selenium.base_page  Entering text:  standard_user on ('id', 'user-name')
2025-10-20 23:40:01,057 UTC INFO     src.pages.selenium.login_page  Enter password
2025-10-20 23:40:01,058 UTC INFO     src.pages.selenium.base_page  Finding element:  ('id', 'password')
2025-10-20 23:40:01,144 UTC INFO     src.pages.selenium.base_page  Entering text:  secret_sauce on ('id', 'password')
2025-10-20 23:40:01,145 UTC INFO     src.pages.selenium.login_page  Click login button
2025-10-20 23:40:01,145 UTC INFO     src.pages.selenium.base_page  Finding element:  ('id', 'login-button')
2025-10-20 23:40:03,195 UTC INFO     src.pages.selenium.base_page  Finding element:  ('id', 'login-button')
2025-10-20 23:40:03,293 UTC INFO     src.pages.selenium.base_page  Clicking element:  ('id', 'login-button')
