2025-10-27 20:48:22,478 UTC INFO     src.pages.selenium.login_page  Navigating to the login page: https://www.saucedemo.com/
2025-10-27 20:48:22,480 UTC INFO     test_checkout_page  Enter the credentials and then click on login button
2025-10-27 20:48:22,481 UTC INFO     src.pages.selenium.login_page  Enter username
2025-10-27 20:48:22,483 UTC INFO     src.pages.selenium.base_page  Finding element:  ('id', 'user-name')
2025-10-27 20:48:22,631 UTC INFO     src.pages.selenium.base_page  Entering text:  standard_user on ('id', 'user-name')
2025-10-27 20:48:22,633 UTC INFO     src.pages.selenium.login_page  Enter password
2025-10-27 20:48:22,634 UTC INFO     src.pages.selenium.base_page  Finding element:  ('id', 'password')
2025-10-27 20:48:22,724 UTC INFO     src.pages.selenium.base_page  Entering text:  secret_sauce on ('id', 'password')
2025-10-27 20:48:22,724 UTC INFO     src.pages.selenium.login_page  Click login button
2025-10-27 20:48:22,726 UTC INFO     src.pages.selenium.base_page  Finding element:  ('id', 'login-button')
2025-10-27 20:48:24,791 UTC INFO     src.pages.selenium.base_page  Finding element:  ('id', 'login-button')
2025-10-27 20:48:24,954 UTC INFO     src.pages.selenium.base_page  Clicking element:  ('id', 'login-button')
2025-10-27 20:48:37,587 UTC INFO     src.pages.selenium.base_page  Finding element:  ('class name', 'shopping_cart_badge')
2025-10-27 20:48:39,665 UTC INFO     src.pages.selenium.base_page  Finding element:  ('class name', 'shopping_cart_badge')
2025-10-27 20:48:39,801 UTC INFO     src.pages.selenium.base_page  Clicking element:  ('class name', 'shopping_cart_badge')
2025-10-27 20:48:39,802 UTC INFO     src.pages.selenium.base_page  Finding element:  ('id', 'checkout')
2025-10-27 20:48:39,922 UTC INFO     src.pages.selenium.base_page  Finding element:  ('id', 'first-name')
2025-10-27 20:48:40,025 UTC INFO     src.pages.selenium.base_page  Entering text:  John on ('id', 'first-name')
2025-10-27 20:48:40,028 UTC INFO     src.pages.selenium.base_page  Finding element:  ('id', 'last-name')
2025-10-27 20:48:40,117 UTC INFO     src.pages.selenium.base_page  Entering text:  Doe on ('id', 'last-name')
2025-10-27 20:48:40,117 UTC INFO     src.pages.selenium.base_page  Finding element:  ('id', 'postal-code')
2025-10-27 20:48:40,219 UTC INFO     src.pages.selenium.base_page  Entering text:  12345 on ('id', 'postal-code')
2025-10-27 20:48:40,220 UTC INFO     src.pages.selenium.base_page  Finding element:  ('id', 'continue')
2025-10-27 20:48:42,274 UTC INFO     src.pages.selenium.base_page  Finding element:  ('id', 'continue')
2025-10-27 20:48:42,395 UTC INFO     src.pages.selenium.base_page  Clicking element:  ('id', 'continue')
2025-10-27 20:48:42,397 UTC INFO     src.pages.selenium.base_page  Finding element:  ('class name', 'title')
2025-10-27 20:48:42,440 UTC INFO     src.pages.selenium.base_page  Finding element:  ('id', 'finish')
2025-10-27 20:48:44,504 UTC INFO     src.pages.selenium.base_page  Finding element:  ('id', 'finish')
2025-10-27 20:48:44,608 UTC INFO     src.pages.selenium.base_page  Clicking element:  ('id', 'finish')
2025-10-27 20:48:44,610 UTC INFO     src.pages.selenium.base_page  Finding element:  ('class name', 'title')
