2025-10-20 23:12:28,966 UTC INFO     src.pages.selenium.login_page  Navigating to the login page: https://www.saucedemo.com/
2025-10-20 23:12:28,968 UTC INFO     test_inventory_page  Enter the credentials and then click on login button
2025-10-20 23:12:28,969 UTC INFO     src.pages.selenium.login_page  Enter username
2025-10-20 23:12:28,971 UTC INFO     src.pages.selenium.base_page  Finding element:  ('id', 'user-name')
2025-10-20 23:12:29,109 UTC INFO     src.pages.selenium.base_page  Entering text:  standard_user on ('id', 'user-name')
2025-10-20 23:12:29,111 UTC INFO     src.pages.selenium.login_page  Enter password
2025-10-20 23:12:29,112 UTC INFO     src.pages.selenium.base_page  Finding element:  ('id', 'password')
2025-10-20 23:12:29,199 UTC INFO     src.pages.selenium.base_page  Entering text:  secret_sauce on ('id', 'password')
2025-10-20 23:12:29,200 UTC INFO     src.pages.selenium.login_page  Click login button
2025-10-20 23:12:29,201 UTC INFO     src.pages.selenium.base_page  Finding element:  ('id', 'login-button')
2025-10-20 23:12:31,264 UTC INFO     src.pages.selenium.base_page  Finding element:  ('id', 'login-button')
2025-10-20 23:12:31,471 UTC INFO     src.pages.selenium.base_page  Clicking element:  ('id', 'login-button')
2025-10-20 23:12:31,474 UTC INFO     src.pages.selenium.base_page  Finding element:  ('class name', 'title')
2025-10-20 23:12:31,553 UTC INFO     test_inventory_page  Page title: Products
2025-10-20 23:12:31,556 UTC INFO     src.pages.selenium.base_page  Finding element:  ('class name', 'title')
2025-10-20 23:12:31,732 UTC INFO     src.pages.selenium.login_page  Navigating to the login page: https://www.saucedemo.com/
2025-10-20 23:12:31,732 UTC INFO     test_inventory_page  Enter the credentials and then click on login button
2025-10-20 23:12:31,733 UTC INFO     src.pages.selenium.login_page  Enter username
2025-10-20 23:12:31,735 UTC INFO     src.pages.selenium.base_page  Finding element:  ('id', 'user-name')
2025-10-20 23:12:31,832 UTC INFO     src.pages.selenium.base_page  Entering text:  standard_user on ('id', 'user-name')
2025-10-20 23:12:31,833 UTC INFO     src.pages.selenium.login_page  Enter password
2025-10-20 23:12:31,835 UTC INFO     src.pages.selenium.base_page  Finding element:  ('id', 'password')
2025-10-20 23:12:31,921 UTC INFO     src.pages.selenium.base_page  Entering text:  secret_sauce on ('id', 'password')
2025-10-20 23:12:31,922 UTC INFO     src.pages.selenium.login_page  Click login button
2025-10-20 23:12:31,923 UTC INFO     src.pages.selenium.base_page  Finding element:  ('id', 'login-button')
2025-10-20 23:12:33,969 UTC INFO     src.pages.selenium.base_page  Finding element:  ('id', 'login-button')
2025-10-20 23:12:34,105 UTC INFO     src.pages.selenium.base_page  Clicking element:  ('id', 'login-button')
