2025-10-24 00:35:50,927 UTC INFO     src.pages.selenium.login_page  Navigating to the login page: https://www.saucedemo.com/
2025-10-24 00:35:50,928 UTC INFO     test_checkout_page  Enter the credentials and then click on login button
2025-10-24 00:35:50,929 UTC INFO     src.pages.selenium.login_page  Enter username
2025-10-24 00:35:50,931 UTC INFO     src.pages.selenium.base_page  Finding element:  ('id', 'user-name')
2025-10-24 00:35:51,078 UTC INFO     src.pages.selenium.base_page  Entering text:  standard_user on ('id', 'user-name')
2025-10-24 00:35:51,081 UTC INFO     src.pages.selenium.login_page  Enter password
2025-10-24 00:35:51,083 UTC INFO     src.pages.selenium.base_page  Finding element:  ('id', 'password')
2025-10-24 00:35:51,178 UTC INFO     src.pages.selenium.base_page  Entering text:  secret_sauce on ('id', 'password')
2025-10-24 00:35:51,180 UTC INFO     src.pages.selenium.login_page  Click login button
2025-10-24 00:35:51,182 UTC INFO     src.pages.selenium.base_page  Finding element:  ('id', 'login-button')
2025-10-24 00:35:53,236 UTC INFO     src.pages.selenium.base_page  Finding element:  ('id', 'login-button')
2025-10-24 00:35:53,436 UTC INFO     src.pages.selenium.base_page  Clicking element:  ('id', 'login-button')
2025-10-24 00:36:06,165 UTC INFO     src.pages.selenium.base_page  Finding element:  ('class name', 'shopping_cart_badge')
2025-10-24 00:36:08,232 UTC INFO     src.pages.selenium.base_page  Finding element:  ('class name', 'shopping_cart_badge')
2025-10-24 00:36:08,360 UTC INFO     src.pages.selenium.base_page  Clicking element:  ('class name', 'shopping_cart_badge')
2025-10-24 00:36:08,361 UTC INFO     src.pages.selenium.base_page  Finding element:  ('id', 'checkout')
2025-10-24 00:36:08,472 UTC INFO     src.pages.selenium.base_page  Finding element:  ('id', 'first-name')
2025-10-24 00:36:08,569 UTC INFO     src.pages.selenium.base_page  Entering text:  John on ('id', 'first-name')
2025-10-24 00:36:08,570 UTC INFO     src.pages.selenium.base_page  Finding element:  ('id', 'last-name')
2025-10-24 00:36:08,661 UTC INFO     src.pages.selenium.base_page  Entering text:  Doe on ('id', 'last-name')
2025-10-24 00:36:08,661 UTC INFO     src.pages.selenium.base_page  Finding element:  ('id', 'postal-code')
2025-10-24 00:36:08,797 UTC INFO     src.pages.selenium.base_page  Entering text:  12345 on ('id', 'postal-code')
2025-10-24 00:36:08,798 UTC INFO     src.pages.selenium.base_page  Finding element:  ('id', 'continue')
2025-10-24 00:36:10,866 UTC INFO     src.pages.selenium.base_page  Finding element:  ('id', 'continue')
2025-10-24 00:36:11,001 UTC INFO     src.pages.selenium.base_page  Clicking element:  ('id', 'continue')
2025-10-24 00:36:11,002 UTC INFO     src.pages.selenium.base_page  Finding element:  ('class name', 'title')
