2025-10-27 20:18:21,703 UTC INFO     src.pages.selenium.login_page  Navigating to the login page: https://www.saucedemo.com/
2025-10-27 20:18:21,705 UTC INFO     test_checkout_page  Enter the credentials and then click on login button
2025-10-27 20:18:21,706 UTC INFO     src.pages.selenium.login_page  Enter username
2025-10-27 20:18:21,709 UTC INFO     src.pages.selenium.base_page  Finding element:  ('id', 'user-name')
2025-10-27 20:18:21,895 UTC INFO     src.pages.selenium.base_page  Entering text:  standard_user on ('id', 'user-name')
2025-10-27 20:18:21,897 UTC INFO     src.pages.selenium.login_page  Enter password
2025-10-27 20:18:21,901 UTC INFO     src.pages.selenium.base_page  Finding element:  ('id', 'password')
2025-10-27 20:18:22,003 UTC INFO     src.pages.selenium.base_page  Entering text:  secret_sauce on ('id', 'password')
2025-10-27 20:18:22,004 UTC INFO     src.pages.selenium.login_page  Click login button
2025-10-27 20:18:22,005 UTC INFO     src.pages.selenium.base_page  Finding element:  ('id', 'login-button')
2025-10-27 20:18:24,086 UTC INFO     src.pages.selenium.base_page  Finding element:  ('id', 'login-button')
2025-10-27 20:18:24,327 UTC INFO     src.pages.selenium.base_page  Clicking element:  ('id', 'login-button')
2025-10-27 20:18:37,037 UTC INFO     src.pages.selenium.base_page  Finding element:  ('class name', 'shopping_cart_badge')
2025-10-27 20:18:39,125 UTC INFO     src.pages.selenium.base_page  Finding element:  ('class name', 'shopping_cart_badge')
2025-10-27 20:18:39,237 UTC INFO     src.pages.selenium.base_page  Clicking element:  ('class name', 'shopping_cart_badge')
2025-10-27 20:18:39,239 UTC INFO     src.pages.selenium.base_page  Finding element:  ('id', 'checkout')
2025-10-27 20:18:39,348 UTC INFO     src.pages.selenium.base_page  Finding element:  ('id', 'first-name')
2025-10-27 20:18:39,464 UTC INFO     src.pages.selenium.base_page  Entering text:  John on ('id', 'first-name')
2025-10-27 20:18:39,465 UTC INFO     src.pages.selenium.base_page  Finding element:  ('id', 'last-name')
2025-10-27 20:18:39,553 UTC INFO     src.pages.selenium.base_page  Entering text:  Doe on ('id', 'last-name')
2025-10-27 20:18:39,554 UTC INFO     src.pages.selenium.base_page  Finding element:  ('id', 'postal-code')
2025-10-27 20:18:39,657 UTC INFO     src.pages.selenium.base_page  Entering text:  12345 on ('id', 'postal-code')
2025-10-27 20:18:39,658 UTC INFO     src.pages.selenium.base_page  Finding element:  ('id', 'continue')
2025-10-27 20:18:41,710 UTC INFO     src.pages.selenium.base_page  Finding element:  ('id', 'continue')
2025-10-27 20:18:41,840 UTC INFO     src.pages.selenium.base_page  Clicking element:  ('id', 'continue')
2025-10-27 20:18:41,841 UTC INFO     src.pages.selenium.base_page  Finding element:  ('class name', 'title')
2025-10-27 20:18:41,886 UTC INFO     src.pages.selenium.base_page  Finding element:  ('id', 'finish')
2025-10-27 20:18:43,949 UTC INFO     src.pages.selenium.base_page  Finding element:  ('id', 'finish')
2025-10-27 20:18:44,050 UTC INFO     src.pages.selenium.base_page  Clicking element:  ('id', 'finish')
2025-10-27 20:18:44,052 UTC INFO     src.pages.selenium.base_page  Finding element:  ('class name', 'title')
