2025-10-27 20:22:56,070 UTC INFO     src.pages.selenium.login_page  Navigating to the login page: https://www.saucedemo.com/
2025-10-27 20:22:56,076 UTC INFO     test_cart_page   Enter the credentials and then click on login button
2025-10-27 20:22:56,081 UTC INFO     src.pages.selenium.login_page  Enter username
2025-10-27 20:22:56,088 UTC INFO     src.pages.selenium.base_page  Finding element:  ('id', 'user-name')
2025-10-27 20:22:56,444 UTC INFO     src.pages.selenium.base_page  Entering text:  standard_user on ('id', 'user-name')
2025-10-27 20:22:56,448 UTC INFO     src.pages.selenium.login_page  Enter password
2025-10-27 20:22:56,456 UTC INFO     src.pages.selenium.base_page  Finding element:  ('id', 'password')
2025-10-27 20:22:56,598 UTC INFO     src.pages.selenium.base_page  Entering text:  secret_sauce on ('id', 'password')
2025-10-27 20:22:56,598 UTC INFO     src.pages.selenium.login_page  Click login button
2025-10-27 20:22:56,599 UTC INFO     src.pages.selenium.base_page  Finding element:  ('id', 'login-button')
2025-10-27 20:22:58,686 UTC INFO     src.pages.selenium.base_page  Finding element:  ('id', 'login-button')
2025-10-27 20:22:59,127 UTC INFO     src.pages.selenium.base_page  Clicking element:  ('id', 'login-button')
2025-10-27 20:23:12,177 UTC INFO     src.pages.selenium.base_page  Finding element:  ('class name', 'shopping_cart_badge')
2025-10-27 20:23:14,258 UTC INFO     src.pages.selenium.base_page  Finding element:  ('class name', 'shopping_cart_badge')
2025-10-27 20:23:14,398 UTC INFO     src.pages.selenium.base_page  Clicking element:  ('class name', 'shopping_cart_badge')
2025-10-27 20:23:14,399 UTC INFO     src.pages.selenium.base_page  Finding element:  ('class name', 'title')
2025-10-27 20:23:14,447 UTC INFO     test_cart_page   Page title: Your Cart
2025-10-27 20:23:14,449 UTC INFO     src.pages.selenium.base_page  Finding element:  ('class name', 'title')
2025-10-27 20:23:14,579 UTC INFO     src.pages.selenium.login_page  Navigating to the login page: https://www.saucedemo.com/
2025-10-27 20:23:14,582 UTC INFO     test_cart_page   Enter the credentials and then click on login button
2025-10-27 20:23:14,583 UTC INFO     src.pages.selenium.login_page  Enter username
2025-10-27 20:23:14,585 UTC INFO     src.pages.selenium.base_page  Finding element:  ('id', 'user-name')
2025-10-27 20:23:14,682 UTC INFO     src.pages.selenium.base_page  Entering text:  standard_user on ('id', 'user-name')
2025-10-27 20:23:14,684 UTC INFO     src.pages.selenium.login_page  Enter password
2025-10-27 20:23:14,685 UTC INFO     src.pages.selenium.base_page  Finding element:  ('id', 'password')
2025-10-27 20:23:14,774 UTC INFO     src.pages.selenium.base_page  Entering text:  secret_sauce on ('id', 'password')
2025-10-27 20:23:14,775 UTC INFO     src.pages.selenium.login_page  Click login button
2025-10-27 20:23:14,777 UTC INFO     src.pages.selenium.base_page  Finding element:  ('id', 'login-button')
2025-10-27 20:23:16,819 UTC INFO     src.pages.selenium.base_page  Finding element:  ('id', 'login-button')
2025-10-27 20:23:16,945 UTC INFO     src.pages.selenium.base_page  Clicking element:  ('id', 'login-button')
2025-10-27 20:24:17,283 UTC INFO     src.pages.selenium.base_page  Finding element:  ('class name', 'shopping_cart_badge')
2025-10-27 20:24:19,364 UTC INFO     src.pages.selenium.base_page  Finding element:  ('class name', 'shopping_cart_badge')
2025-10-27 20:24:19,500 UTC INFO     src.pages.selenium.base_page  Clicking element:  ('class name', 'shopping_cart_badge')
2025-10-27 20:24:19,500 UTC INFO     src.pages.selenium.base_page  Finding element:  ('id', 'checkout')
2025-10-27 20:24:19,608 UTC INFO     src.pages.selenium.base_page  Finding element:  ('class name', 'title')
2025-10-27 20:24:27,537 UTC INFO     src.pages.selenium.login_page  Navigating to the login page: https://www.saucedemo.com/
2025-10-27 20:24:27,539 UTC INFO     test_checkout_page  Enter the credentials and then click on login button
2025-10-27 20:24:27,540 UTC INFO     src.pages.selenium.login_page  Enter username
2025-10-27 20:24:27,543 UTC INFO     src.pages.selenium.base_page  Finding element:  ('id', 'user-name')
2025-10-27 20:24:27,710 UTC INFO     src.pages.selenium.base_page  Entering text:  standard_user on ('id', 'user-name')
2025-10-27 20:24:27,712 UTC INFO     src.pages.selenium.login_page  Enter password
2025-10-27 20:24:27,713 UTC INFO     src.pages.selenium.base_page  Finding element:  ('id', 'password')
2025-10-27 20:24:27,810 UTC INFO     src.pages.selenium.base_page  Entering text:  secret_sauce on ('id', 'password')
2025-10-27 20:24:27,811 UTC INFO     src.pages.selenium.login_page  Click login button
2025-10-27 20:24:27,812 UTC INFO     src.pages.selenium.base_page  Finding element:  ('id', 'login-button')
2025-10-27 20:24:29,874 UTC INFO     src.pages.selenium.base_page  Finding element:  ('id', 'login-button')
2025-10-27 20:24:30,077 UTC INFO     src.pages.selenium.base_page  Clicking element:  ('id', 'login-button')
2025-10-27 20:24:42,767 UTC INFO     src.pages.selenium.base_page  Finding element:  ('class name', 'shopping_cart_badge')
2025-10-27 20:24:44,844 UTC INFO     src.pages.selenium.base_page  Finding element:  ('class name', 'shopping_cart_badge')
2025-10-27 20:24:44,966 UTC INFO     src.pages.selenium.base_page  Clicking element:  ('class name', 'shopping_cart_badge')
2025-10-27 20:24:44,967 UTC INFO     src.pages.selenium.base_page  Finding element:  ('id', 'checkout')
2025-10-27 20:24:45,079 UTC INFO     src.pages.selenium.base_page  Finding element:  ('class name', 'title')
2025-10-27 20:24:45,215 UTC INFO     src.pages.selenium.login_page  Navigating to the login page: https://www.saucedemo.com/
2025-10-27 20:24:45,216 UTC INFO     test_checkout_page  Enter the credentials and then click on login button
2025-10-27 20:24:45,218 UTC INFO     src.pages.selenium.login_page  Enter username
2025-10-27 20:24:45,219 UTC INFO     src.pages.selenium.base_page  Finding element:  ('id', 'user-name')
2025-10-27 20:24:45,333 UTC INFO     src.pages.selenium.base_page  Entering text:  standard_user on ('id', 'user-name')
2025-10-27 20:24:45,334 UTC INFO     src.pages.selenium.login_page  Enter password
2025-10-27 20:24:45,335 UTC INFO     src.pages.selenium.base_page  Finding element:  ('id', 'password')
2025-10-27 20:24:45,425 UTC INFO     src.pages.selenium.base_page  Entering text:  secret_sauce on ('id', 'password')
2025-10-27 20:24:45,426 UTC INFO     src.pages.selenium.login_page  Click login button
2025-10-27 20:24:45,427 UTC INFO     src.pages.selenium.base_page  Finding element:  ('id', 'login-button')
2025-10-27 20:24:47,472 UTC INFO     src.pages.selenium.base_page  Finding element:  ('id', 'login-button')
2025-10-27 20:24:47,598 UTC INFO     src.pages.selenium.base_page  Clicking element:  ('id', 'login-button')
2025-10-27 20:25:47,858 UTC INFO     src.pages.selenium.base_page  Finding element:  ('class name', 'shopping_cart_badge')
2025-10-27 20:25:49,939 UTC INFO     src.pages.selenium.base_page  Finding element:  ('class name', 'shopping_cart_badge')
2025-10-27 20:25:50,121 UTC INFO     src.pages.selenium.base_page  Clicking element:  ('class name', 'shopping_cart_badge')
2025-10-27 20:25:50,122 UTC INFO     src.pages.selenium.base_page  Finding element:  ('id', 'checkout')
2025-10-27 20:25:50,217 UTC INFO     src.pages.selenium.base_page  Finding element:  ('class name', 'title')
2025-10-27 20:25:50,259 UTC INFO     src.pages.selenium.base_page  Finding element:  ('id', 'first-name')
2025-10-27 20:25:50,365 UTC INFO     src.pages.selenium.base_page  Entering text:  John on ('id', 'first-name')
2025-10-27 20:25:50,366 UTC INFO     src.pages.selenium.base_page  Finding element:  ('id', 'last-name')
2025-10-27 20:25:50,458 UTC INFO     src.pages.selenium.base_page  Entering text:  Doe on ('id', 'last-name')
2025-10-27 20:25:50,459 UTC INFO     src.pages.selenium.base_page  Finding element:  ('id', 'postal-code')
2025-10-27 20:25:50,542 UTC INFO     src.pages.selenium.base_page  Entering text:  12345 on ('id', 'postal-code')
2025-10-27 20:25:50,543 UTC INFO     src.pages.selenium.base_page  Finding element:  ('id', 'continue')
2025-10-27 20:25:52,606 UTC INFO     src.pages.selenium.base_page  Finding element:  ('id', 'continue')
2025-10-27 20:25:52,745 UTC INFO     src.pages.selenium.base_page  Clicking element:  ('id', 'continue')
2025-10-27 20:25:52,845 UTC INFO     src.pages.selenium.login_page  Navigating to the login page: https://www.saucedemo.com/
2025-10-27 20:25:52,846 UTC INFO     test_checkout_page  Enter the credentials and then click on login button
2025-10-27 20:25:52,848 UTC INFO     src.pages.selenium.login_page  Enter username
2025-10-27 20:25:52,850 UTC INFO     src.pages.selenium.base_page  Finding element:  ('id', 'user-name')
2025-10-27 20:25:52,952 UTC INFO     src.pages.selenium.base_page  Entering text:  standard_user on ('id', 'user-name')
2025-10-27 20:25:52,953 UTC INFO     src.pages.selenium.login_page  Enter password
2025-10-27 20:25:52,954 UTC INFO     src.pages.selenium.base_page  Finding element:  ('id', 'password')
2025-10-27 20:25:53,059 UTC INFO     src.pages.selenium.base_page  Entering text:  secret_sauce on ('id', 'password')
2025-10-27 20:25:53,059 UTC INFO     src.pages.selenium.login_page  Click login button
2025-10-27 20:25:53,063 UTC INFO     src.pages.selenium.base_page  Finding element:  ('id', 'login-button')
2025-10-27 20:25:55,133 UTC INFO     src.pages.selenium.base_page  Finding element:  ('id', 'login-button')
2025-10-27 20:25:55,256 UTC INFO     src.pages.selenium.base_page  Clicking element:  ('id', 'login-button')
2025-10-27 20:26:55,524 UTC INFO     src.pages.selenium.base_page  Finding element:  ('class name', 'shopping_cart_badge')
2025-10-27 20:26:57,610 UTC INFO     src.pages.selenium.base_page  Finding element:  ('class name', 'shopping_cart_badge')
2025-10-27 20:26:57,733 UTC INFO     src.pages.selenium.base_page  Clicking element:  ('class name', 'shopping_cart_badge')
2025-10-27 20:26:57,734 UTC INFO     src.pages.selenium.base_page  Finding element:  ('id', 'checkout')
2025-10-27 20:26:57,829 UTC INFO     src.pages.selenium.base_page  Finding element:  ('id', 'first-name')
2025-10-27 20:26:57,922 UTC INFO     src.pages.selenium.base_page  Entering text:  John on ('id', 'first-name')
2025-10-27 20:26:57,923 UTC INFO     src.pages.selenium.base_page  Finding element:  ('id', 'last-name')
2025-10-27 20:26:57,998 UTC INFO     src.pages.selenium.base_page  Entering text:  Doe on ('id', 'last-name')
2025-10-27 20:26:57,998 UTC INFO     src.pages.selenium.base_page  Finding element:  ('id', 'postal-code')
2025-10-27 20:26:58,074 UTC INFO     src.pages.selenium.base_page  Entering text:  12345 on ('id', 'postal-code')
2025-10-27 20:26:58,074 UTC INFO     src.pages.selenium.base_page  Finding element:  ('id', 'continue')
2025-10-27 20:27:00,125 UTC INFO     src.pages.selenium.base_page  Finding element:  ('id', 'continue')
2025-10-27 20:27:00,240 UTC INFO     src.pages.selenium.base_page  Clicking element:  ('id', 'continue')
2025-10-27 20:27:00,242 UTC INFO     src.pages.selenium.base_page  Finding element:  ('class name', 'title')
2025-10-27 20:27:00,281 UTC INFO     src.pages.selenium.base_page  Finding element:  ('id', 'finish')
2025-10-27 20:27:02,340 UTC INFO     src.pages.selenium.base_page  Finding element:  ('id', 'finish')
2025-10-27 20:27:02,431 UTC INFO     src.pages.selenium.base_page  Clicking element:  ('id', 'finish')
2025-10-27 20:27:02,431 UTC INFO     src.pages.selenium.base_page  Finding element:  ('class name', 'title')
2025-10-27 20:27:02,544 UTC INFO     src.pages.selenium.login_page  Navigating to the login page: https://www.saucedemo.com/
2025-10-27 20:27:02,545 UTC INFO     test_checkout_page  Enter the credentials and then click on login button
2025-10-27 20:27:02,546 UTC INFO     src.pages.selenium.login_page  Enter username
2025-10-27 20:27:02,548 UTC INFO     src.pages.selenium.base_page  Finding element:  ('id', 'user-name')
2025-10-27 20:27:02,641 UTC INFO     src.pages.selenium.base_page  Entering text:  standard_user on ('id', 'user-name')
2025-10-27 20:27:02,642 UTC INFO     src.pages.selenium.login_page  Enter password
2025-10-27 20:27:02,644 UTC INFO     src.pages.selenium.base_page  Finding element:  ('id', 'password')
2025-10-27 20:27:02,722 UTC INFO     src.pages.selenium.base_page  Entering text:  secret_sauce on ('id', 'password')
2025-10-27 20:27:02,724 UTC INFO     src.pages.selenium.login_page  Click login button
2025-10-27 20:27:02,724 UTC INFO     src.pages.selenium.base_page  Finding element:  ('id', 'login-button')
2025-10-27 20:27:04,774 UTC INFO     src.pages.selenium.base_page  Finding element:  ('id', 'login-button')
2025-10-27 20:27:04,899 UTC INFO     src.pages.selenium.base_page  Clicking element:  ('id', 'login-button')
2025-10-27 20:27:17,485 UTC INFO     src.pages.selenium.base_page  Finding element:  ('class name', 'shopping_cart_badge')
2025-10-27 20:27:19,540 UTC INFO     src.pages.selenium.base_page  Finding element:  ('class name', 'shopping_cart_badge')
2025-10-27 20:27:19,639 UTC INFO     src.pages.selenium.base_page  Clicking element:  ('class name', 'shopping_cart_badge')
2025-10-27 20:27:19,641 UTC INFO     src.pages.selenium.base_page  Finding element:  ('id', 'checkout')
2025-10-27 20:27:19,729 UTC INFO     src.pages.selenium.base_page  Finding element:  ('id', 'first-name')
2025-10-27 20:27:19,806 UTC INFO     src.pages.selenium.base_page  Entering text:  John on ('id', 'first-name')
2025-10-27 20:27:19,808 UTC INFO     src.pages.selenium.base_page  Finding element:  ('id', 'last-name')
2025-10-27 20:27:19,884 UTC INFO     src.pages.selenium.base_page  Entering text:  Doe on ('id', 'last-name')
2025-10-27 20:27:19,885 UTC INFO     src.pages.selenium.base_page  Finding element:  ('id', 'postal-code')
2025-10-27 20:27:19,964 UTC INFO     src.pages.selenium.base_page  Entering text:  12345 on ('id', 'postal-code')
2025-10-27 20:27:19,964 UTC INFO     src.pages.selenium.base_page  Finding element:  ('id', 'continue')
2025-10-27 20:27:22,012 UTC INFO     src.pages.selenium.base_page  Finding element:  ('id', 'continue')
2025-10-27 20:27:22,121 UTC INFO     src.pages.selenium.base_page  Clicking element:  ('id', 'continue')
2025-10-27 20:27:22,123 UTC INFO     src.pages.selenium.base_page  Finding element:  ('class name', 'title')
2025-10-27 20:27:22,159 UTC INFO     src.pages.selenium.base_page  Finding element:  ('id', 'finish')
2025-10-27 20:27:24,212 UTC INFO     src.pages.selenium.base_page  Finding element:  ('id', 'finish')
2025-10-27 20:27:24,318 UTC INFO     src.pages.selenium.base_page  Clicking element:  ('id', 'finish')
2025-10-27 20:27:24,320 UTC INFO     src.pages.selenium.base_page  Finding element:  ('class name', 'title')
2025-10-27 20:27:31,598 UTC INFO     src.pages.selenium.login_page  Navigating to the login page: https://www.saucedemo.com/
2025-10-27 20:27:31,600 UTC INFO     test_inventory_page  Enter the credentials and then click on login button
2025-10-27 20:27:31,602 UTC INFO     src.pages.selenium.login_page  Enter username
2025-10-27 20:27:31,603 UTC INFO     src.pages.selenium.base_page  Finding element:  ('id', 'user-name')
2025-10-27 20:27:31,733 UTC INFO     src.pages.selenium.base_page  Entering text:  standard_user on ('id', 'user-name')
2025-10-27 20:27:31,734 UTC INFO     src.pages.selenium.login_page  Enter password
2025-10-27 20:27:31,734 UTC INFO     src.pages.selenium.base_page  Finding element:  ('id', 'password')
2025-10-27 20:27:31,840 UTC INFO     src.pages.selenium.base_page  Entering text:  secret_sauce on ('id', 'password')
2025-10-27 20:27:31,841 UTC INFO     src.pages.selenium.login_page  Click login button
2025-10-27 20:27:31,841 UTC INFO     src.pages.selenium.base_page  Finding element:  ('id', 'login-button')
2025-10-27 20:27:33,911 UTC INFO     src.pages.selenium.base_page  Finding element:  ('id', 'login-button')
2025-10-27 20:27:34,116 UTC INFO     src.pages.selenium.base_page  Clicking element:  ('id', 'login-button')
2025-10-27 20:27:34,118 UTC INFO     src.pages.selenium.base_page  Finding element:  ('class name', 'title')
2025-10-27 20:27:34,184 UTC INFO     test_inventory_page  Page title: Products
2025-10-27 20:27:34,184 UTC INFO     src.pages.selenium.base_page  Finding element:  ('class name', 'title')
2025-10-27 20:27:34,311 UTC INFO     src.pages.selenium.login_page  Navigating to the login page: https://www.saucedemo.com/
2025-10-27 20:27:34,313 UTC INFO     test_inventory_page  Enter the credentials and then click on login button
2025-10-27 20:27:34,314 UTC INFO     src.pages.selenium.login_page  Enter username
2025-10-27 20:27:34,319 UTC INFO     src.pages.selenium.base_page  Finding element:  ('id', 'user-name')
2025-10-27 20:27:34,406 UTC INFO     src.pages.selenium.base_page  Entering text:  standard_user on ('id', 'user-name')
2025-10-27 20:27:34,407 UTC INFO     src.pages.selenium.login_page  Enter password
2025-10-27 20:27:34,408 UTC INFO     src.pages.selenium.base_page  Finding element:  ('id', 'password')
2025-10-27 20:27:34,489 UTC INFO     src.pages.selenium.base_page  Entering text:  secret_sauce on ('id', 'password')
2025-10-27 20:27:34,490 UTC INFO     src.pages.selenium.login_page  Click login button
2025-10-27 20:27:34,491 UTC INFO     src.pages.selenium.base_page  Finding element:  ('id', 'login-button')
2025-10-27 20:27:36,536 UTC INFO     src.pages.selenium.base_page  Finding element:  ('id', 'login-button')
2025-10-27 20:27:36,665 UTC INFO     src.pages.selenium.base_page  Clicking element:  ('id', 'login-button')
2025-10-27 20:27:49,279 UTC INFO     src.pages.selenium.base_page  Finding element:  ('class name', 'shopping_cart_badge')
2025-10-27 20:27:55,932 UTC INFO     src.pages.selenium.login_page  Navigating to the login page: https://www.saucedemo.com/
2025-10-27 20:27:55,934 UTC INFO     test_login_page  Verifying the elements displayed
2025-10-27 20:27:55,936 UTC INFO     src.pages.selenium.base_page  Finding element:  ('xpath', "//*[@id='root']/div/div[1]")
2025-10-27 20:27:56,008 UTC INFO     test_login_page  login header: Swag Labs
2025-10-27 20:27:56,015 UTC INFO     src.pages.selenium.base_page  Finding element:  ('xpath', "//*[@id='root']/div/div[1]")
2025-10-27 20:27:56,043 UTC INFO     src.pages.selenium.base_page  Finding element:  ('id', 'login-button')
2025-10-27 20:27:56,078 UTC INFO     src.pages.selenium.base_page  Finding element:  ('id', 'login-button')
2025-10-27 20:27:56,117 UTC INFO     test_login_page  Enter the credentials and then click on login button
2025-10-27 20:27:56,118 UTC INFO     src.pages.selenium.login_page  Enter username
2025-10-27 20:27:56,119 UTC INFO     src.pages.selenium.base_page  Finding element:  ('id', 'user-name')
2025-10-27 20:27:56,268 UTC INFO     src.pages.selenium.base_page  Entering text:  standard_user on ('id', 'user-name')
2025-10-27 20:27:56,271 UTC INFO     src.pages.selenium.login_page  Enter password
2025-10-27 20:27:56,271 UTC INFO     src.pages.selenium.base_page  Finding element:  ('id', 'password')
2025-10-27 20:27:56,353 UTC INFO     src.pages.selenium.base_page  Entering text:  secret_sauce on ('id', 'password')
2025-10-27 20:27:56,353 UTC INFO     src.pages.selenium.login_page  Click login button
2025-10-27 20:27:56,355 UTC INFO     src.pages.selenium.base_page  Finding element:  ('id', 'login-button')
2025-10-27 20:27:58,412 UTC INFO     src.pages.selenium.base_page  Finding element:  ('id', 'login-button')
2025-10-27 20:27:58,665 UTC INFO     src.pages.selenium.base_page  Clicking element:  ('id', 'login-button')
