2025-10-20 23:44:13,036 UTC INFO     src.pages.selenium.login_page  Navigating to the login page: https://www.saucedemo.com/
2025-10-20 23:44:13,039 UTC INFO     test_inventory_page  Enter the credentials and then click on login button
2025-10-20 23:44:13,041 UTC INFO     src.pages.selenium.login_page  Enter username
2025-10-20 23:44:13,042 UTC INFO     src.pages.selenium.base_page  Finding element:  ('id', 'user-name')
2025-10-20 23:44:13,200 UTC INFO     src.pages.selenium.base_page  Entering text:  standard_user on ('id', 'user-name')
2025-10-20 23:44:13,202 UTC INFO     src.pages.selenium.login_page  Enter password
2025-10-20 23:44:13,204 UTC INFO     src.pages.selenium.base_page  Finding element:  ('id', 'password')
2025-10-20 23:44:13,314 UTC INFO     src.pages.selenium.base_page  Entering text:  secret_sauce on ('id', 'password')
2025-10-20 23:44:13,315 UTC INFO     src.pages.selenium.login_page  Click login button
2025-10-20 23:44:13,317 UTC INFO     src.pages.selenium.base_page  Finding element:  ('id', 'login-button')
2025-10-20 23:44:15,379 UTC INFO     src.pages.selenium.base_page  Finding element:  ('id', 'login-button')
2025-10-20 23:44:15,558 UTC INFO     src.pages.selenium.base_page  Clicking element:  ('id', 'login-button')
2025-10-20 23:44:15,561 UTC INFO     src.pages.selenium.base_page  Finding element:  ('class name', 'title')
2025-10-20 23:44:15,612 UTC INFO     test_inventory_page  Page title: Products
2025-10-20 23:44:15,613 UTC INFO     src.pages.selenium.base_page  Finding element:  ('class name', 'title')
2025-10-20 23:44:15,740 UTC INFO     src.pages.selenium.login_page  Navigating to the login page: https://www.saucedemo.com/
2025-10-20 23:44:15,740 UTC INFO     test_inventory_page  Enter the credentials and then click on login button
2025-10-20 23:44:15,742 UTC INFO     src.pages.selenium.login_page  Enter username
2025-10-20 23:44:15,743 UTC INFO     src.pages.selenium.base_page  Finding element:  ('id', 'user-name')
2025-10-20 23:44:15,843 UTC INFO     src.pages.selenium.base_page  Entering text:  standard_user on ('id', 'user-name')
2025-10-20 23:44:15,845 UTC INFO     src.pages.selenium.login_page  Enter password
2025-10-20 23:44:15,846 UTC INFO     src.pages.selenium.base_page  Finding element:  ('id', 'password')
2025-10-20 23:44:15,925 UTC INFO     src.pages.selenium.base_page  Entering text:  secret_sauce on ('id', 'password')
2025-10-20 23:44:15,925 UTC INFO     src.pages.selenium.login_page  Click login button
2025-10-20 23:44:15,928 UTC INFO     src.pages.selenium.base_page  Finding element:  ('id', 'login-button')
2025-10-20 23:44:17,976 UTC INFO     src.pages.selenium.base_page  Finding element:  ('id', 'login-button')
2025-10-20 23:44:18,109 UTC INFO     src.pages.selenium.base_page  Clicking element:  ('id', 'login-button')
