2025-10-27 20:53:08,426 UTC INFO     src.pages.selenium.login_page  Navigating to the login page: https://www.saucedemo.com/
2025-10-27 20:53:08,441 UTC INFO     test_cart_page   Enter the credentials and then click on login button
2025-10-27 20:53:08,444 UTC INFO     src.pages.selenium.login_page  Enter username
2025-10-27 20:53:08,482 UTC INFO     src.pages.selenium.base_page  Finding element:  ('id', 'user-name')
2025-10-27 20:53:10,890 UTC INFO     src.pages.selenium.base_page  Entering text:  standard_user on ('id', 'user-name')
2025-10-27 20:53:10,892 UTC INFO     src.pages.selenium.login_page  Enter password
2025-10-27 20:53:10,893 UTC INFO     src.pages.selenium.base_page  Finding element:  ('id', 'password')
2025-10-27 20:53:11,001 UTC INFO     src.pages.selenium.base_page  Entering text:  secret_sauce on ('id', 'password')
2025-10-27 20:53:11,001 UTC INFO     src.pages.selenium.login_page  Click login button
2025-10-27 20:53:11,003 UTC INFO     src.pages.selenium.base_page  Finding element:  ('id', 'login-button')
2025-10-27 20:53:13,085 UTC INFO     src.pages.selenium.base_page  Finding element:  ('id', 'login-button')
2025-10-27 20:53:13,242 UTC INFO     src.pages.selenium.base_page  Clicking element:  ('id', 'login-button')
2025-10-27 20:53:25,842 UTC INFO     src.pages.selenium.base_page  Finding element:  ('class name', 'shopping_cart_badge')
2025-10-27 20:53:27,904 UTC INFO     src.pages.selenium.base_page  Finding element:  ('class name', 'shopping_cart_badge')
2025-10-27 20:53:28,036 UTC INFO     src.pages.selenium.base_page  Clicking element:  ('class name', 'shopping_cart_badge')
2025-10-27 20:53:28,037 UTC INFO     src.pages.selenium.base_page  Finding element:  ('class name', 'title')
2025-10-27 20:53:28,076 UTC INFO     test_cart_page   Page title: Your Cart
2025-10-27 20:53:28,078 UTC INFO     src.pages.selenium.base_page  Finding element:  ('class name', 'title')
2025-10-27 20:53:28,220 UTC INFO     src.pages.selenium.login_page  Navigating to the login page: https://www.saucedemo.com/
2025-10-27 20:53:28,220 UTC INFO     test_cart_page   Enter the credentials and then click on login button
2025-10-27 20:53:28,220 UTC INFO     src.pages.selenium.login_page  Enter username
2025-10-27 20:53:28,223 UTC INFO     src.pages.selenium.base_page  Finding element:  ('id', 'user-name')
2025-10-27 20:53:28,339 UTC INFO     src.pages.selenium.base_page  Entering text:  standard_user on ('id', 'user-name')
2025-10-27 20:53:28,341 UTC INFO     src.pages.selenium.login_page  Enter password
2025-10-27 20:53:28,342 UTC INFO     src.pages.selenium.base_page  Finding element:  ('id', 'password')
2025-10-27 20:53:28,435 UTC INFO     src.pages.selenium.base_page  Entering text:  secret_sauce on ('id', 'password')
2025-10-27 20:53:28,436 UTC INFO     src.pages.selenium.login_page  Click login button
2025-10-27 20:53:28,437 UTC INFO     src.pages.selenium.base_page  Finding element:  ('id', 'login-button')
2025-10-27 20:53:30,499 UTC INFO     src.pages.selenium.base_page  Finding element:  ('id', 'login-button')
2025-10-27 20:53:30,625 UTC INFO     src.pages.selenium.base_page  Clicking element:  ('id', 'login-button')
2025-10-27 20:54:30,927 UTC INFO     src.pages.selenium.base_page  Finding element:  ('class name', 'shopping_cart_badge')
2025-10-27 20:54:33,017 UTC INFO     src.pages.selenium.base_page  Finding element:  ('class name', 'shopping_cart_badge')
2025-10-27 20:54:33,169 UTC INFO     src.pages.selenium.base_page  Clicking element:  ('class name', 'shopping_cart_badge')
2025-10-27 20:54:33,169 UTC INFO     src.pages.selenium.base_page  Finding element:  ('id', 'checkout')
2025-10-27 20:54:33,286 UTC INFO     src.pages.selenium.base_page  Finding element:  ('class name', 'title')
2025-10-27 20:54:40,709 UTC INFO     src.pages.selenium.login_page  Navigating to the login page: https://www.saucedemo.com/
2025-10-27 20:54:40,712 UTC INFO     test_checkout_page  Enter the credentials and then click on login button
2025-10-27 20:54:40,712 UTC INFO     src.pages.selenium.login_page  Enter username
2025-10-27 20:54:40,716 UTC INFO     src.pages.selenium.base_page  Finding element:  ('id', 'user-name')
2025-10-27 20:54:40,873 UTC INFO     src.pages.selenium.base_page  Entering text:  standard_user on ('id', 'user-name')
2025-10-27 20:54:40,875 UTC INFO     src.pages.selenium.login_page  Enter password
2025-10-27 20:54:40,875 UTC INFO     src.pages.selenium.base_page  Finding element:  ('id', 'password')
2025-10-27 20:54:40,970 UTC INFO     src.pages.selenium.base_page  Entering text:  secret_sauce on ('id', 'password')
2025-10-27 20:54:40,972 UTC INFO     src.pages.selenium.login_page  Click login button
2025-10-27 20:54:40,972 UTC INFO     src.pages.selenium.base_page  Finding element:  ('id', 'login-button')
2025-10-27 20:54:43,040 UTC INFO     src.pages.selenium.base_page  Finding element:  ('id', 'login-button')
2025-10-27 20:54:43,208 UTC INFO     src.pages.selenium.base_page  Clicking element:  ('id', 'login-button')
2025-10-27 20:54:55,829 UTC INFO     src.pages.selenium.base_page  Finding element:  ('class name', 'shopping_cart_badge')
2025-10-27 20:54:57,888 UTC INFO     src.pages.selenium.base_page  Finding element:  ('class name', 'shopping_cart_badge')
2025-10-27 20:54:58,043 UTC INFO     src.pages.selenium.base_page  Clicking element:  ('class name', 'shopping_cart_badge')
2025-10-27 20:54:58,046 UTC INFO     src.pages.selenium.base_page  Finding element:  ('id', 'checkout')
2025-10-27 20:54:58,177 UTC INFO     src.pages.selenium.base_page  Finding element:  ('class name', 'title')
2025-10-27 20:54:58,331 UTC INFO     src.pages.selenium.login_page  Navigating to the login page: https://www.saucedemo.com/
2025-10-27 20:54:58,334 UTC INFO     test_checkout_page  Enter the credentials and then click on login button
2025-10-27 20:54:58,336 UTC INFO     src.pages.selenium.login_page  Enter username
2025-10-27 20:54:58,338 UTC INFO     src.pages.selenium.base_page  Finding element:  ('id', 'user-name')
2025-10-27 20:54:58,463 UTC INFO     src.pages.selenium.base_page  Entering text:  standard_user on ('id', 'user-name')
2025-10-27 20:54:58,464 UTC INFO     src.pages.selenium.login_page  Enter password
2025-10-27 20:54:58,466 UTC INFO     src.pages.selenium.base_page  Finding element:  ('id', 'password')
2025-10-27 20:54:58,559 UTC INFO     src.pages.selenium.base_page  Entering text:  secret_sauce on ('id', 'password')
2025-10-27 20:54:58,560 UTC INFO     src.pages.selenium.login_page  Click login button
2025-10-27 20:54:58,562 UTC INFO     src.pages.selenium.base_page  Finding element:  ('id', 'login-button')
2025-10-27 20:55:00,612 UTC INFO     src.pages.selenium.base_page  Finding element:  ('id', 'login-button')
2025-10-27 20:55:00,781 UTC INFO     src.pages.selenium.base_page  Clicking element:  ('id', 'login-button')
2025-10-27 20:56:01,039 UTC INFO     src.pages.selenium.base_page  Finding element:  ('class name', 'shopping_cart_badge')
2025-10-27 20:56:03,111 UTC INFO     src.pages.selenium.base_page  Finding element:  ('class name', 'shopping_cart_badge')
2025-10-27 20:56:03,240 UTC INFO     src.pages.selenium.base_page  Clicking element:  ('class name', 'shopping_cart_badge')
2025-10-27 20:56:03,241 UTC INFO     src.pages.selenium.base_page  Finding element:  ('id', 'checkout')
2025-10-27 20:56:03,343 UTC INFO     src.pages.selenium.base_page  Finding element:  ('class name', 'title')
2025-10-27 20:56:03,383 UTC INFO     src.pages.selenium.base_page  Finding element:  ('id', 'first-name')
2025-10-27 20:56:03,486 UTC INFO     src.pages.selenium.base_page  Entering text:  John on ('id', 'first-name')
2025-10-27 20:56:03,489 UTC INFO     src.pages.selenium.base_page  Finding element:  ('id', 'last-name')
2025-10-27 20:56:03,578 UTC INFO     src.pages.selenium.base_page  Entering text:  Doe on ('id', 'last-name')
2025-10-27 20:56:03,579 UTC INFO     src.pages.selenium.base_page  Finding element:  ('id', 'postal-code')
2025-10-27 20:56:03,678 UTC INFO     src.pages.selenium.base_page  Entering text:  12345 on ('id', 'postal-code')
2025-10-27 20:56:03,679 UTC INFO     src.pages.selenium.base_page  Finding element:  ('id', 'continue')
2025-10-27 20:56:05,734 UTC INFO     src.pages.selenium.base_page  Finding element:  ('id', 'continue')
2025-10-27 20:56:05,850 UTC INFO     src.pages.selenium.base_page  Clicking element:  ('id', 'continue')
2025-10-27 20:56:05,929 UTC INFO     src.pages.selenium.login_page  Navigating to the login page: https://www.saucedemo.com/
2025-10-27 20:56:05,930 UTC INFO     test_checkout_page  Enter the credentials and then click on login button
2025-10-27 20:56:05,931 UTC INFO     src.pages.selenium.login_page  Enter username
2025-10-27 20:56:05,932 UTC INFO     src.pages.selenium.base_page  Finding element:  ('id', 'user-name')
2025-10-27 20:56:06,067 UTC INFO     src.pages.selenium.base_page  Entering text:  standard_user on ('id', 'user-name')
2025-10-27 20:56:06,068 UTC INFO     src.pages.selenium.login_page  Enter password
2025-10-27 20:56:06,070 UTC INFO     src.pages.selenium.base_page  Finding element:  ('id', 'password')
2025-10-27 20:56:06,192 UTC INFO     src.pages.selenium.base_page  Entering text:  secret_sauce on ('id', 'password')
2025-10-27 20:56:06,192 UTC INFO     src.pages.selenium.login_page  Click login button
2025-10-27 20:56:06,196 UTC INFO     src.pages.selenium.base_page  Finding element:  ('id', 'login-button')
2025-10-27 20:56:08,256 UTC INFO     src.pages.selenium.base_page  Finding element:  ('id', 'login-button')
2025-10-27 20:56:08,377 UTC INFO     src.pages.selenium.base_page  Clicking element:  ('id', 'login-button')
2025-10-27 20:57:08,648 UTC INFO     src.pages.selenium.base_page  Finding element:  ('class name', 'shopping_cart_badge')
2025-10-27 20:57:10,716 UTC INFO     src.pages.selenium.base_page  Finding element:  ('class name', 'shopping_cart_badge')
2025-10-27 20:57:10,819 UTC INFO     src.pages.selenium.base_page  Clicking element:  ('class name', 'shopping_cart_badge')
2025-10-27 20:57:10,820 UTC INFO     src.pages.selenium.base_page  Finding element:  ('id', 'checkout')
2025-10-27 20:57:10,922 UTC INFO     src.pages.selenium.base_page  Finding element:  ('id', 'first-name')
2025-10-27 20:57:11,011 UTC INFO     src.pages.selenium.base_page  Entering text:  John on ('id', 'first-name')
2025-10-27 20:57:11,012 UTC INFO     src.pages.selenium.base_page  Finding element:  ('id', 'last-name')
2025-10-27 20:57:11,089 UTC INFO     src.pages.selenium.base_page  Entering text:  Doe on ('id', 'last-name')
2025-10-27 20:57:11,091 UTC INFO     src.pages.selenium.base_page  Finding element:  ('id', 'postal-code')
2025-10-27 20:57:11,167 UTC INFO     src.pages.selenium.base_page  Entering text:  12345 on ('id', 'postal-code')
2025-10-27 20:57:11,168 UTC INFO     src.pages.selenium.base_page  Finding element:  ('id', 'continue')
2025-10-27 20:57:13,228 UTC INFO     src.pages.selenium.base_page  Finding element:  ('id', 'continue')
2025-10-27 20:57:13,340 UTC INFO     src.pages.selenium.base_page  Clicking element:  ('id', 'continue')
2025-10-27 20:57:13,341 UTC INFO     src.pages.selenium.base_page  Finding element:  ('class name', 'title')
2025-10-27 20:57:13,380 UTC INFO     src.pages.selenium.base_page  Finding element:  ('id', 'finish')
2025-10-27 20:57:15,477 UTC INFO     src.pages.selenium.base_page  Finding element:  ('id', 'finish')
2025-10-27 20:57:15,572 UTC INFO     src.pages.selenium.base_page  Clicking element:  ('id', 'finish')
2025-10-27 20:57:15,573 UTC INFO     src.pages.selenium.base_page  Finding element:  ('class name', 'title')
2025-10-27 20:57:15,801 UTC INFO     src.pages.selenium.login_page  Navigating to the login page: https://www.saucedemo.com/
2025-10-27 20:57:15,804 UTC INFO     test_checkout_page  Enter the credentials and then click on login button
2025-10-27 20:57:15,810 UTC INFO     src.pages.selenium.login_page  Enter username
2025-10-27 20:57:15,812 UTC INFO     src.pages.selenium.base_page  Finding element:  ('id', 'user-name')
2025-10-27 20:57:15,931 UTC INFO     src.pages.selenium.base_page  Entering text:  standard_user on ('id', 'user-name')
2025-10-27 20:57:15,933 UTC INFO     src.pages.selenium.login_page  Enter password
2025-10-27 20:57:15,933 UTC INFO     src.pages.selenium.base_page  Finding element:  ('id', 'password')
2025-10-27 20:57:16,030 UTC INFO     src.pages.selenium.base_page  Entering text:  secret_sauce on ('id', 'password')
2025-10-27 20:57:16,031 UTC INFO     src.pages.selenium.login_page  Click login button
2025-10-27 20:57:16,032 UTC INFO     src.pages.selenium.base_page  Finding element:  ('id', 'login-button')
2025-10-27 20:57:18,095 UTC INFO     src.pages.selenium.base_page  Finding element:  ('id', 'login-button')
2025-10-27 20:57:18,239 UTC INFO     src.pages.selenium.base_page  Clicking element:  ('id', 'login-button')
2025-10-27 20:57:30,907 UTC INFO     src.pages.selenium.base_page  Finding element:  ('class name', 'shopping_cart_badge')
2025-10-27 20:57:32,960 UTC INFO     src.pages.selenium.base_page  Finding element:  ('class name', 'shopping_cart_badge')
2025-10-27 20:57:33,065 UTC INFO     src.pages.selenium.base_page  Clicking element:  ('class name', 'shopping_cart_badge')
2025-10-27 20:57:33,065 UTC INFO     src.pages.selenium.base_page  Finding element:  ('id', 'checkout')
2025-10-27 20:57:33,166 UTC INFO     src.pages.selenium.base_page  Finding element:  ('id', 'first-name')
2025-10-27 20:57:33,247 UTC INFO     src.pages.selenium.base_page  Entering text:  John on ('id', 'first-name')
2025-10-27 20:57:33,248 UTC INFO     src.pages.selenium.base_page  Finding element:  ('id', 'last-name')
2025-10-27 20:57:33,329 UTC INFO     src.pages.selenium.base_page  Entering text:  Doe on ('id', 'last-name')
2025-10-27 20:57:33,331 UTC INFO     src.pages.selenium.base_page  Finding element:  ('id', 'postal-code')
2025-10-27 20:57:33,413 UTC INFO     src.pages.selenium.base_page  Entering text:  12345 on ('id', 'postal-code')
2025-10-27 20:57:33,415 UTC INFO     src.pages.selenium.base_page  Finding element:  ('id', 'continue')
2025-10-27 20:57:35,461 UTC INFO     src.pages.selenium.base_page  Finding element:  ('id', 'continue')
2025-10-27 20:57:35,568 UTC INFO     src.pages.selenium.base_page  Clicking element:  ('id', 'continue')
2025-10-27 20:57:35,568 UTC INFO     src.pages.selenium.base_page  Finding element:  ('class name', 'title')
2025-10-27 20:57:35,608 UTC INFO     src.pages.selenium.base_page  Finding element:  ('id', 'finish')
2025-10-27 20:57:37,668 UTC INFO     src.pages.selenium.base_page  Finding element:  ('id', 'finish')
2025-10-27 20:57:37,767 UTC INFO     src.pages.selenium.base_page  Clicking element:  ('id', 'finish')
2025-10-27 20:57:37,768 UTC INFO     src.pages.selenium.base_page  Finding element:  ('class name', 'title')
2025-10-27 20:57:45,891 UTC INFO     src.pages.selenium.login_page  Navigating to the login page: https://www.saucedemo.com/
2025-10-27 20:57:45,893 UTC INFO     test_inventory_page  Enter the credentials and then click on login button
2025-10-27 20:57:45,894 UTC INFO     src.pages.selenium.login_page  Enter username
2025-10-27 20:57:45,896 UTC INFO     src.pages.selenium.base_page  Finding element:  ('id', 'user-name')
2025-10-27 20:57:46,044 UTC INFO     src.pages.selenium.base_page  Entering text:  standard_user on ('id', 'user-name')
2025-10-27 20:57:46,046 UTC INFO     src.pages.selenium.login_page  Enter password
2025-10-27 20:57:46,046 UTC INFO     src.pages.selenium.base_page  Finding element:  ('id', 'password')
2025-10-27 20:57:46,134 UTC INFO     src.pages.selenium.base_page  Entering text:  secret_sauce on ('id', 'password')
2025-10-27 20:57:46,135 UTC INFO     src.pages.selenium.login_page  Click login button
2025-10-27 20:57:46,135 UTC INFO     src.pages.selenium.base_page  Finding element:  ('id', 'login-button')
2025-10-27 20:57:55,341 UTC INFO     src.pages.selenium.login_page  Navigating to the login page: https://www.saucedemo.com/
2025-10-27 20:57:55,342 UTC INFO     test_login_page  Verifying the elements displayed
2025-10-27 20:57:55,342 UTC INFO     src.pages.selenium.base_page  Finding element:  ('xpath', "//*[@id='root']/div/div[1]")
2025-10-27 20:57:55,411 UTC INFO     test_login_page  login header: Swag Labs
2025-10-27 20:57:55,413 UTC INFO     src.pages.selenium.base_page  Finding element:  ('xpath', "//*[@id='root']/div/div[1]")
2025-10-27 20:57:55,457 UTC INFO     src.pages.selenium.base_page  Finding element:  ('id', 'login-button')
2025-10-27 20:57:55,504 UTC INFO     src.pages.selenium.base_page  Finding element:  ('id', 'login-button')
2025-10-27 20:57:55,541 UTC INFO     test_login_page  Enter the credentials and then click on login button
2025-10-27 20:57:55,541 UTC INFO     src.pages.selenium.login_page  Enter username
2025-10-27 20:57:55,542 UTC INFO     src.pages.selenium.base_page  Finding element:  ('id', 'user-name')
2025-10-27 20:57:55,684 UTC INFO     src.pages.selenium.base_page  Entering text:  standard_user on ('id', 'user-name')
2025-10-27 20:57:55,686 UTC INFO     src.pages.selenium.login_page  Enter password
2025-10-27 20:57:55,686 UTC INFO     src.pages.selenium.base_page  Finding element:  ('id', 'password')
2025-10-27 20:57:55,782 UTC INFO     src.pages.selenium.base_page  Entering text:  secret_sauce on ('id', 'password')
2025-10-27 20:57:55,783 UTC INFO     src.pages.selenium.login_page  Click login button
2025-10-27 20:57:55,784 UTC INFO     src.pages.selenium.base_page  Finding element:  ('id', 'login-button')
